<?xml version="1.0" encoding="UTF-8"?>
<!-- Generated by org.testng.reporters.JUnitXMLReporter -->
<testsuite ignored="0" hostname="Lucky" failures="0" tests="2" name="Default test" time="73.178" errors="0" timestamp="2024-08-06T12:07:10 IST">
  <testcase classname="Pranavraj.AppiumFrameWorkDesign.eCommerce" name="ecommerce_Test3_switch_from_Apps_to_Webbrowser" time="32.177"/>
  <testcase classname="Pranavraj.AppiumFrameWorkDesign.eCommerce" name="ecommerce_Test3_switch_from_Apps_to_Webbrowser" time="25.895"/>
</testsuite> <!-- Default test -->
