<?xml version="1.0" encoding="UTF-8"?>
<!-- Generated by org.testng.reporters.JUnitXMLReporter -->
<testsuite ignored="0" hostname="Lucky" failures="0" tests="2" name="End To End Test" time="69.612" errors="0" timestamp="2024-08-06T14:05:02 IST">
  <testcase classname="Pranavraj.AppiumFrameWorkDesign.eCommerce_Hybrid" name="ecommerce_Test3_switch_from_Apps_to_Webbrowser" time="30.288"/>
  <testcase classname="Pranavraj.AppiumFrameWorkDesign.eCommerce_Hybrid" name="ecommerce_Test3_switch_from_Apps_to_Webbrowser" time="26.896"/>
</testsuite> <!-- End To End Test -->
