<?xml version="1.0" encoding="UTF-8"?>
<!-- Generated by org.testng.reporters.JUnitXMLReporter -->
<testsuite ignored="2" hostname="Lucky" failures="0" tests="0" time="0.002" errors="0" timestamp="2024-08-06T14:03:52 IST">
  <testcase classname="Pranavraj.AppiumFrameWorkDesign.ErrorChecking" name="FilForm_exceptional" time="0.0">
    <ignored/>
  </testcase> <!-- FilForm_exceptional -->
  <testcase classname="Pranavraj.AppiumFrameWorkDesign.ErrorChecking" name="FilForm_positive" time="0.0">
    <ignored/>
  </testcase> <!-- FilForm_positive -->
</testsuite>
