<?xml version="1.0" encoding="UTF-8"?>
<!-- Generated by org.testng.reporters.JUnitXMLReporter -->
<testsuite ignored="0" hostname="Lucky" failures="0" tests="2" name="End To End Test" time="74.668" errors="0" timestamp="2024-08-06T15:34:15 IST">
  <testcase classname="Pranavraj.AppiumFrameWorkDesign.eCommerce_Hybrid" name="ecommerce_Test3_switch_from_Apps_to_Webbrowser" time="35.474"/>
  <testcase classname="Pranavraj.AppiumFrameWorkDesign.eCommerce_Hybrid" name="ecommerce_Test3_switch_from_Apps_to_Webbrowser" time="26.618"/>
</testsuite> <!-- End To End Test -->
