<?xml version="1.0" encoding="UTF-8"?>
<testsuite xmlns:xsi="http://www.w3.org/2001/XMLSchema-instance" xsi:noNamespaceSchemaLocation="https://maven.apache.org/surefire/maven-surefire-plugin/xsd/surefire-test-report.xsd" version="3.0.2" name="TestSuite" time="141.245" tests="5" errors="0" skipped="0" failures="1">
  <properties>
[...]
</properties>
  <testcase name="ecommerce_Test3_switch_from_Apps_to_Webbrowser" classname="Pranavraj.AppiumFrameWorkDesign.eCommerceWithoutPageObject" time="23.089">
    <system-out><![CDATA[&amp#27;[38;5;112m[Appium]&amp#27;[0m Welcome to Appium v2.11.2
&amp#27;[38;5;112m[Appium]&amp#27;[0m The autodetected Appium home path: C:\Users\HOME\.appium
&amp#27;[38;5;112m[Appium]&amp#27;[0m Attempting to load driver uiautomator2...
&amp#27;[38;5;112m[Appium]&amp#27;[0m Requiring driver at C:\Users\HOME\.appium\node_modules\appium-uiautomator2-driver\build\index.js
&amp#27;[38;5;112m[Appium]&amp#27;[0m AndroidUiautomator2Driver has been successfully loaded in 0.805s
&amp#27;[38;5;112m[Appium]&amp#27;[0m Appium REST http interface listener started on http://0.0.0.0:4723
&amp#27;[38;5;112m[Appium]&amp#27;[0m You can provide the following URLs in your client code to connect to this server:
	http://192.168.29.147:4723/
	http://127.0.0.1:4723/ (only accessible from the same host)
&amp#27;[38;5;112m[Appium]&amp#27;[0m Available drivers:
&amp#27;[38;5;112m[Appium]&amp#27;[0m   - uiautomator2@3.7.4 (automationName 'UiAutomator2')
&amp#27;[38;5;112m[Appium]&amp#27;[0m No plugins have been installed. Use the "appium plugin" command to install the one(s) you want to use.
&amp#27;[38;5;86m[HTTP]&amp#27;[0m &amp#27;[37m-->&amp#27;[39m &amp#27;[37mGET&amp#27;[39m &amp#27;[37m/status&amp#27;[39m &amp#27;[90m{}&amp#27;[39m
&amp#27;[38;5;56m[AppiumDriver@f9e2]&amp#27;[0m Calling AppiumDriver.getStatus() with args: []
&amp#27;[38;5;56m[AppiumDriver@f9e2]&amp#27;[0m Responding to client with driver.getStatus() result: {"ready":true,"message":"The server is ready to accept new connections","build":{"version":"2.11.2"}}
&amp#27;[38;5;86m[HTTP]&amp#27;[0m &amp#27;[37m<-- GET /status &amp#27;[39m&amp#27;[32m200&amp#27;[39m &amp#27;[90m6 ms - 111&amp#27;[39m &amp#27;[90m&amp#27;[39m
&amp#27;[38;5;86m[HTTP]&amp#27;[0m Request idempotency key: bce91e20-9759-4f0b-a221-ea718cb37739
&amp#27;[38;5;86m[HTTP]&amp#27;[0m &amp#27;[37m-->&amp#27;[39m &amp#27;[37mPOST&amp#27;[39m &amp#27;[37m/session&amp#27;[39m &amp#27;[90m{"capabilities":{"firstMatch":[{"appium:deviceName":"Lucky","platformName":"ANDROID","appium:automationName":"UIAutomator2","appium:app":"C:\\Users\\HOME\\OneDrive\\Desktop\\Appium\\AppiumFrameWorkDesign\\src\\main\\java\\Pranavraj\\AppiumFrameWorkDesign\\resources\\General-Store.apk"}]}}&amp#27;[39m
&amp#27;[38;5;56m[AppiumDriver@f9e2]&amp#27;[0m Calling AppiumDriver.createSession() with args: [null,null,{"firstMatch":[{"appium:deviceName":"Lucky","platformName":"ANDROID","appium:automationName":"UIAutomator2","appium:app":"C:\\Users\\HOME\\OneDrive\\Desktop\\Appium\\AppiumFrameWorkDesign\\src\\main\\java\\Pranavraj\\AppiumFrameWorkDesign\\resources\\General-Store.apk"}]}]
&amp#27;[38;5;56m[AppiumDriver@f9e2]&amp#27;[0m Event 'newSessionRequested' logged at 1722938518524 (15:31:58 GMT+0530 (India Standard Time))
&amp#27;[38;5;112m[Appium]&amp#27;[0m Attempting to find matching driver for automationName 'UIAutomator2' and platformName 'ANDROID'
&amp#27;[38;5;112m[Appium]&amp#27;[0m The 'uiautomator2' driver was installed and matched caps.
&amp#27;[38;5;112m[Appium]&amp#27;[0m Will require it at C:\Users\HOME\.appium\node_modules\appium-uiautomator2-driver
&amp#27;[38;5;112m[Appium]&amp#27;[0m Requiring driver at C:\Users\HOME\.appium\node_modules\appium-uiautomator2-driver\build\index.js
&amp#27;[38;5;56m[AppiumDriver@f9e2]&amp#27;[0m Appium v2.11.2 creating new AndroidUiautomator2Driver (v3.7.4) session
&amp#27;[38;5;56m[AppiumDriver@f9e2]&amp#27;[0m Checking BaseDriver versions for Appium and AndroidUiautomator2Driver
&amp#27;[38;5;56m[AppiumDriver@f9e2]&amp#27;[0m Appium's BaseDriver version is 9.11.2
&amp#27;[38;5;56m[AppiumDriver@f9e2]&amp#27;[0m AndroidUiautomator2Driver's BaseDriver version is 9.11.2
&amp#27;[38;5;9m[AndroidUiautomator2Driver@8dd2]&amp#27;[0m undefined
&amp#27;[38;5;9m[AndroidUiautomator2Driver@8dd2]&amp#27;[0m Creating session with W3C capabilities: {
  "alwaysMatch": {
    "platformName": "ANDROID",
    "appium:deviceName": "Lucky",
    "appium:automationName": "UIAutomator2",
    "appium:app": "C:\\Users\\HOME\\OneDrive\\Desktop\\Appium\\AppiumFrameWorkDesign\\src\\main\\java\\Pranavraj\\AppiumFrameWorkDesign\\resources\\General-Store.apk"
  },
  "firstMatch": [
    {}
  ]
}
&amp#27;[38;5;212m[c4148d3a]&amp#27;[0m&amp#27;[38;5;9m[AndroidUiautomator2Driver@8dd2]&amp#27;[0m Session created with session id: c4148d3a-cb7c-4a90-ac66-ac6537bcf08d
&amp#27;[38;5;212m[c4148d3a]&amp#27;[0m&amp#27;[38;5;229m[ADB]&amp#27;[0m Found 2 'build-tools' folders under 'C:\Users\HOME\AppData\Local\Android\Sdk' (newest first):
&amp#27;[38;5;212m[c4148d3a]&amp#27;[0m&amp#27;[38;5;229m[ADB]&amp#27;[0m     C:\Users\HOME\AppData\Local\Android\Sdk\build-tools\35.0.0
&amp#27;[38;5;212m[c4148d3a]&amp#27;[0m&amp#27;[38;5;229m[ADB]&amp#27;[0m     C:\Users\HOME\AppData\Local\Android\Sdk\build-tools\34.0.0
&amp#27;[38;5;212m[c4148d3a]&amp#27;[0m&amp#27;[38;5;229m[ADB]&amp#27;[0m Using 'adb.exe' from 'C:\Users\HOME\AppData\Local\Android\Sdk\platform-tools\adb.exe'
&amp#27;[38;5;212m[c4148d3a]&amp#27;[0m&amp#27;[38;5;229m[ADB]&amp#27;[0m Running 'C:\Users\HOME\AppData\Local\Android\Sdk\platform-tools\adb.exe -P 5037 start-server'
&amp#27;[38;5;212m[c4148d3a]&amp#27;[0m&amp#27;[38;5;9m[AndroidUiautomator2Driver@8dd2]&amp#27;[0m Retrieving device list
&amp#27;[38;5;212m[c4148d3a]&amp#27;[0m&amp#27;[38;5;229m[ADB]&amp#27;[0m Trying to find connected Android devices
&amp#27;[38;5;212m[c4148d3a]&amp#27;[0m&amp#27;[38;5;229m[ADB]&amp#27;[0m Getting connected devices
&amp#27;[38;5;212m[c4148d3a]&amp#27;[0m&amp#27;[38;5;229m[ADB]&amp#27;[0m Connected devices: [{"udid":"emulator-5554","state":"device"}]
&amp#27;[38;5;212m[c4148d3a]&amp#27;[0m&amp#27;[38;5;9m[AndroidUiautomator2Driver@8dd2]&amp#27;[0m Using device: emulator-5554
&amp#27;[38;5;212m[c4148d3a]&amp#27;[0m&amp#27;[38;5;229m[ADB]&amp#27;[0m Using 'adb.exe' from 'C:\Users\HOME\AppData\Local\Android\Sdk\platform-tools\adb.exe'
&amp#27;[38;5;212m[c4148d3a]&amp#27;[0m&amp#27;[38;5;229m[ADB]&amp#27;[0m Running 'C:\Users\HOME\AppData\Local\Android\Sdk\platform-tools\adb.exe -P 5037 start-server'
&amp#27;[38;5;212m[c4148d3a]&amp#27;[0m&amp#27;[38;5;229m[ADB]&amp#27;[0m Setting device id to emulator-5554
&amp#27;[38;5;212m[c4148d3a]&amp#27;[0m&amp#27;[38;5;123m[BaseDriver]&amp#27;[0m Using local app 'C:\Users\HOME\OneDrive\Desktop\Appium\AppiumFrameWorkDesign\src\main\java\Pranavraj\AppiumFrameWorkDesign\resources\General-Store.apk'
&amp#27;[38;5;212m[c4148d3a]&amp#27;[0m&amp#27;[38;5;9m[AndroidUiautomator2Driver@8dd2]&amp#27;[0m Checking whether app is actually present
&amp#27;[38;5;212m[c4148d3a]&amp#27;[0m&amp#27;[38;5;229m[ADB]&amp#27;[0m Running 'C:\Users\HOME\AppData\Local\Android\Sdk\platform-tools\adb.exe -P 5037 -s emulator-5554 shell getprop ro.build.version.sdk'
&amp#27;[38;5;212m[c4148d3a]&amp#27;[0m&amp#27;[38;5;229m[ADB]&amp#27;[0m Current device property 'ro.build.version.sdk': 35
&amp#27;[38;5;212m[c4148d3a]&amp#27;[0m&amp#27;[38;5;229m[ADB]&amp#27;[0m Getting device platform version
&amp#27;[38;5;212m[c4148d3a]&amp#27;[0m&amp#27;[38;5;229m[ADB]&amp#27;[0m Running 'C:\Users\HOME\AppData\Local\Android\Sdk\platform-tools\adb.exe -P 5037 -s emulator-5554 shell getprop ro.build.version.release'
&amp#27;[38;5;212m[c4148d3a]&amp#27;[0m&amp#27;[38;5;229m[ADB]&amp#27;[0m Current device property 'ro.build.version.release': 15
&amp#27;[38;5;212m[c4148d3a]&amp#27;[0m&amp#27;[38;5;229m[ADB]&amp#27;[0m Device API level: 35
&amp#27;[38;5;212m[c4148d3a]&amp#27;[0m&amp#27;[38;5;9m[AndroidUiautomator2Driver@8dd2]&amp#27;[0m Relaxing hidden api policy
&amp#27;[38;5;212m[c4148d3a]&amp#27;[0m&amp#27;[38;5;229m[ADB]&amp#27;[0m Running 'C:\Users\HOME\AppData\Local\Android\Sdk\platform-tools\adb.exe -P 5037 -s emulator-5554 shell 'settings put global hidden_api_policy_pre_p_apps 1;settings put global hidden_api_policy_p_apps 1;settings put global hidden_api_policy 1''
&amp#27;[38;5;212m[c4148d3a]&amp#27;[0m&amp#27;[38;5;9m[AndroidUiautomator2Driver@8dd2]&amp#27;[0m Parsing package and activity from app manifest
&amp#27;[38;5;212m[c4148d3a]&amp#27;[0m&amp#27;[38;5;229m[ADB]&amp#27;[0m Running 'C:\Users\HOME\AppData\Local\Android\Sdk\platform-tools\adb.exe -P 5037 -s emulator-5554 wait-for-device'
&amp#27;[38;5;212m[c4148d3a]&amp#27;[0m&amp#27;[38;5;229m[ADB]&amp#27;[0m Using 'aapt2.exe' from 'C:\Users\HOME\AppData\Local\Android\Sdk\build-tools\35.0.0\aapt2.exe'
&amp#27;[38;5;212m[c4148d3a]&amp#27;[0m&amp#27;[38;5;229m[ADB]&amp#27;[0m Reading package manifest: 'C:\\Users\\HOME\\AppData\\Local\\Android\\Sdk\\build-tools\\35.0.0\\aapt2.exe dump badging C:\\Users\\HOME\\OneDrive\\Desktop\\Appium\\AppiumFrameWorkDesign\\src\\main\\java\\Pranavraj\\AppiumFrameWorkDesign\\resources\\General-Store.apk'
&amp#27;[38;5;212m[c4148d3a]&amp#27;[0m&amp#27;[38;5;229m[ADB]&amp#27;[0m Running 'C:\Users\HOME\AppData\Local\Android\Sdk\platform-tools\adb.exe -P 5037 -s emulator-5554 shell echo ping'
&amp#27;[38;5;212m[c4148d3a]&amp#27;[0m&amp#27;[38;5;229m[ADB]&amp#27;[0m Package name: 'com.androidsample.generalstore'
&amp#27;[38;5;212m[c4148d3a]&amp#27;[0m&amp#27;[38;5;229m[ADB]&amp#27;[0m Main activity name: 'com.androidsample.generalstore.SplashActivity'
&amp#27;[38;5;212m[c4148d3a]&amp#27;[0m&amp#27;[38;5;9m[AndroidUiautomator2Driver@8dd2]&amp#27;[0m Parsed package and activity are: com.androidsample.generalstore/com.androidsample.generalstore.SplashActivity
&amp#27;[38;5;212m[c4148d3a]&amp#27;[0m&amp#27;[38;5;9m[AndroidUiautomator2Driver@8dd2]&amp#27;[0m Pushing settings apk to the device...
&amp#27;[38;5;212m[c4148d3a]&amp#27;[0m&amp#27;[38;5;229m[ADB]&amp#27;[0m Getting package info for 'io.appium.settings'
&amp#27;[38;5;212m[c4148d3a]&amp#27;[0m&amp#27;[38;5;229m[ADB]&amp#27;[0m Running 'C:\Users\HOME\AppData\Local\Android\Sdk\platform-tools\adb.exe -P 5037 -s emulator-5554 shell dumpsys package io.appium.settings'
&amp#27;[38;5;212m[c4148d3a]&amp#27;[0m&amp#27;[38;5;229m[ADB]&amp#27;[0m Reading package manifest: 'C:\\Users\\HOME\\AppData\\Local\\Android\\Sdk\\build-tools\\35.0.0\\aapt2.exe dump badging C:\\Users\\HOME\\.appium\\node_modules\\appium-uiautomator2-driver\\node_modules\\io.appium.settings\\apks\\settings_apk-debug.apk'
&amp#27;[38;5;212m[c4148d3a]&amp#27;[0m&amp#27;[38;5;229m[ADB]&amp#27;[0m The version name of the installed 'io.appium.settings' is greater or equal to the application version name ('5.12.7' >= '5.12.7')
&amp#27;[38;5;212m[c4148d3a]&amp#27;[0m&amp#27;[38;5;229m[ADB]&amp#27;[0m There is no need to install/upgrade 'C:\Users\HOME\.appium\node_modules\appium-uiautomator2-driver\node_modules\io.appium.settings\apks\settings_apk-debug.apk'
&amp#27;[38;5;212m[c4148d3a]&amp#27;[0m&amp#27;[38;5;229m[ADB]&amp#27;[0m Running 'C:\Users\HOME\AppData\Local\Android\Sdk\platform-tools\adb.exe -P 5037 -s emulator-5554 shell dumpsys activity services io.appium.settings'
&amp#27;[38;5;212m[c4148d3a]&amp#27;[0m&amp#27;[38;5;9m[AndroidUiautomator2Driver@8dd2]&amp#27;[0m io.appium.settings is already running. There is no need to reset its permissions.
&amp#27;[38;5;212m[c4148d3a]&amp#27;[0m&amp#27;[38;5;160m[Logcat]&amp#27;[0m Starting logs capture with command: C:\\Users\\HOME\\AppData\\Local\\Android\\Sdk\\platform-tools\\adb.exe -P 5037 -s emulator-5554 logcat -v threadtime
&amp#27;[38;5;212m[c4148d3a]&amp#27;[0m&amp#27;[38;5;9m[AndroidUiautomator2Driver@8dd2]&amp#27;[0m Forwarding UiAutomator2 Server port 6790 to local port 8200
&amp#27;[38;5;212m[c4148d3a]&amp#27;[0m&amp#27;[38;5;229m[ADB]&amp#27;[0m Forwarding system: 8200 to device: 6790
&amp#27;[38;5;212m[c4148d3a]&amp#27;[0m&amp#27;[38;5;229m[ADB]&amp#27;[0m Running 'C:\Users\HOME\AppData\Local\Android\Sdk\platform-tools\adb.exe -P 5037 -s emulator-5554 forward tcp:8200 tcp:6790'
&amp#27;[38;5;212m[c4148d3a]&amp#27;[0m&amp#27;[38;5;229m[ADB]&amp#27;[0m Getting package info for 'io.appium.uiautomator2.server'
&amp#27;[38;5;212m[c4148d3a]&amp#27;[0m&amp#27;[38;5;229m[ADB]&amp#27;[0m Running 'C:\Users\HOME\AppData\Local\Android\Sdk\platform-tools\adb.exe -P 5037 -s emulator-5554 shell dumpsys package io.appium.uiautomator2.server'
&amp#27;[38;5;212m[c4148d3a]&amp#27;[0m&amp#27;[38;5;229m[ADB]&amp#27;[0m Getting install status for io.appium.uiautomator2.server.test
&amp#27;[38;5;212m[c4148d3a]&amp#27;[0m&amp#27;[38;5;229m[ADB]&amp#27;[0m Checking app cert for C:\Users\HOME\OneDrive\Desktop\Appium\AppiumFrameWorkDesign\src\main\java\Pranavraj\AppiumFrameWorkDesign\resources\General-Store.apk
&amp#27;[38;5;212m[c4148d3a]&amp#27;[0m&amp#27;[38;5;229m[ADB]&amp#27;[0m Running 'C:\Users\HOME\AppData\Local\Android\Sdk\platform-tools\adb.exe -P 5037 -s emulator-5554 shell cmd package list packages'
&amp#27;[38;5;212m[c4148d3a]&amp#27;[0m&amp#27;[38;5;229m[ADB]&amp#27;[0m Using 'apksigner.jar' from 'C:\Users\HOME\AppData\Local\Android\Sdk\build-tools\35.0.0\lib\apksigner.jar'
&amp#27;[38;5;212m[c4148d3a]&amp#27;[0m&amp#27;[38;5;229m[ADB]&amp#27;[0m Starting apksigner: 'C:\\Program Files\\Java\\jdk-22\\bin\\java.exe' -Xmx1024M -Xss1m -jar C:\\Users\\HOME\\AppData\\Local\\Android\\Sdk\\build-tools\\35.0.0\\lib\\apksigner.jar verify --print-certs C:\\Users\\HOME\\OneDrive\\Desktop\\Appium\\AppiumFrameWorkDesign\\src\\main\\java\\Pranavraj\\AppiumFrameWorkDesign\\resources\\General-Store.apk
&amp#27;[38;5;212m[c4148d3a]&amp#27;[0m&amp#27;[38;5;229m[ADB]&amp#27;[0m Reading package manifest: 'C:\\Users\\HOME\\AppData\\Local\\Android\\Sdk\\build-tools\\35.0.0\\aapt2.exe dump badging C:\\Users\\HOME\\.appium\\node_modules\\appium-uiautomator2-driver\\node_modules\\appium-uiautomator2-server\\apks\\appium-uiautomator2-server-v7.0.20.apk'
&amp#27;[38;5;212m[c4148d3a]&amp#27;[0m&amp#27;[38;5;229m[ADB]&amp#27;[0m 'io.appium.uiautomator2.server.test' is installed
&amp#27;[38;5;212m[c4148d3a]&amp#27;[0m&amp#27;[38;5;229m[ADB]&amp#27;[0m The version name of the installed 'io.appium.uiautomator2.server' is greater or equal to the application version name ('7.0.20' >= '7.0.20')
&amp#27;[38;5;212m[c4148d3a]&amp#27;[0m&amp#27;[38;5;9m[AndroidUiautomator2Driver@8dd2]&amp#27;[0m Server packages status: [{"installState":"sameVersionInstalled","appPath":"C:\\Users\\HOME\\.appium\\node_modules\\appium-uiautomator2-driver\\node_modules\\appium-uiautomator2-server\\apks\\appium-uiautomator2-server-v7.0.20.apk","appId":"io.appium.uiautomator2.server"},{"installState":"sameVersionInstalled","appPath":"C:\\Users\\HOME\\.appium\\node_modules\\appium-uiautomator2-driver\\node_modules\\appium-uiautomator2-server\\apks\\appium-uiautomator2-server-debug-androidTest.apk","appId":"io.appium.uiautomator2.server.test"}]
&amp#27;[38;5;212m[c4148d3a]&amp#27;[0m&amp#27;[38;5;9m[AndroidUiautomator2Driver@8dd2]&amp#27;[0m Server packages are not going to be (re)installed
&amp#27;[38;5;212m[c4148d3a]&amp#27;[0m&amp#27;[38;5;9m[AndroidUiautomator2Driver@8dd2]&amp#27;[0m Waiting up to 30000ms for services to be available
&amp#27;[38;5;212m[c4148d3a]&amp#27;[0m&amp#27;[38;5;229m[ADB]&amp#27;[0m Running 'C:\Users\HOME\AppData\Local\Android\Sdk\platform-tools\adb.exe -P 5037 -s emulator-5554 shell pm list instrumentation'
&amp#27;[38;5;212m[c4148d3a]&amp#27;[0m&amp#27;[38;5;9m[AndroidUiautomator2Driver@8dd2]&amp#27;[0m Instrumentation target 'io.appium.uiautomator2.server.test/androidx.test.runner.AndroidJUnitRunner' is available
&amp#27;[38;5;212m[c4148d3a]&amp#27;[0m&amp#27;[38;5;229m[ADB]&amp#27;[0m Adding packages ["io.appium.settings","io.appium.uiautomator2.server","io.appium.uiautomator2.server.test"] to Doze whitelist
&amp#27;[38;5;212m[c4148d3a]&amp#27;[0m&amp#27;[38;5;229m[ADB]&amp#27;[0m Got the following command chunks to execute: [["dumpsys","deviceidle","whitelist","+io.appium.settings",";","dumpsys","deviceidle","whitelist","+io.appium.uiautomator2.server",";","dumpsys","deviceidle","whitelist","+io.appium.uiautomator2.server.test",";"]]
&amp#27;[38;5;212m[c4148d3a]&amp#27;[0m&amp#27;[38;5;229m[ADB]&amp#27;[0m Running 'C:\Users\HOME\AppData\Local\Android\Sdk\platform-tools\adb.exe -P 5037 -s emulator-5554 shell dumpsys deviceidle whitelist +io.appium.settings ; dumpsys deviceidle whitelist +io.appium.uiautomator2.server ; dumpsys deviceidle whitelist +io.appium.uiautomator2.server.test ;'
&amp#27;[38;5;212m[c4148d3a]&amp#27;[0m&amp#27;[38;5;229m[ADB]&amp#27;[0m apksigner stdout: Signer #1 certificate DN: EMAILADDRESS=android@android.com, CN=Android, OU=Android, O=Android, L=Mountain View, ST=California, C=US
Signer #1 certificate SHA-256 digest: a40da80a59d170caa950cf15c18c454d47a39b26989d8b640ecd745ba71bf5dc
Signer #1 certificate SHA-1 digest: 61ed377e85d386a8dfee6b864bd85b0bfaa5af81
Signer #1 certificate MD5 digest: e89b158e4bcf988ebd09eb83f5378e87

&amp#27;[38;5;212m[c4148d3a]&amp#27;[0m&amp#27;[38;5;229m[ADB]&amp#27;[0m sha256 hash did match for 'General-Store.apk'
&amp#27;[38;5;212m[c4148d3a]&amp#27;[0m&amp#27;[38;5;229m[ADB]&amp#27;[0m 'C:\Users\HOME\OneDrive\Desktop\Appium\AppiumFrameWorkDesign\src\main\java\Pranavraj\AppiumFrameWorkDesign\resources\General-Store.apk' is signed with the default certificate
&amp#27;[38;5;212m[c4148d3a]&amp#27;[0m&amp#27;[38;5;229m[ADB]&amp#27;[0m Getting package info for 'com.androidsample.generalstore'
&amp#27;[38;5;212m[c4148d3a]&amp#27;[0m&amp#27;[38;5;229m[ADB]&amp#27;[0m Running 'C:\Users\HOME\AppData\Local\Android\Sdk\platform-tools\adb.exe -P 5037 -s emulator-5554 shell dumpsys package com.androidsample.generalstore'
&amp#27;[38;5;212m[c4148d3a]&amp#27;[0m&amp#27;[38;5;229m[ADB]&amp#27;[0m Reading package manifest: 'C:\\Users\\HOME\\AppData\\Local\\Android\\Sdk\\build-tools\\35.0.0\\aapt2.exe dump badging C:\\Users\\HOME\\OneDrive\\Desktop\\Appium\\AppiumFrameWorkDesign\\src\\main\\java\\Pranavraj\\AppiumFrameWorkDesign\\resources\\General-Store.apk'
&amp#27;[38;5;212m[c4148d3a]&amp#27;[0m&amp#27;[38;5;229m[ADB]&amp#27;[0m The version name of the installed 'com.androidsample.generalstore' is greater or equal to the application version name ('1.0.0' >= '1.0.0')
&amp#27;[38;5;212m[c4148d3a]&amp#27;[0m&amp#27;[38;5;229m[ADB]&amp#27;[0m There is no need to install/upgrade 'C:\Users\HOME\OneDrive\Desktop\Appium\AppiumFrameWorkDesign\src\main\java\Pranavraj\AppiumFrameWorkDesign\resources\General-Store.apk'
&amp#27;[38;5;212m[c4148d3a]&amp#27;[0m&amp#27;[38;5;9m[AndroidUiautomator2Driver@8dd2]&amp#27;[0m Performing fast reset on 'com.androidsample.generalstore'
&amp#27;[38;5;212m[c4148d3a]&amp#27;[0m&amp#27;[38;5;229m[ADB]&amp#27;[0m Getting install status for com.androidsample.generalstore
&amp#27;[38;5;212m[c4148d3a]&amp#27;[0m&amp#27;[38;5;229m[ADB]&amp#27;[0m Running 'C:\Users\HOME\AppData\Local\Android\Sdk\platform-tools\adb.exe -P 5037 -s emulator-5554 shell cmd package list packages'
&amp#27;[38;5;212m[c4148d3a]&amp#27;[0m&amp#27;[38;5;229m[ADB]&amp#27;[0m 'com.androidsample.generalstore' is installed
&amp#27;[38;5;212m[c4148d3a]&amp#27;[0m&amp#27;[38;5;229m[ADB]&amp#27;[0m Running 'C:\Users\HOME\AppData\Local\Android\Sdk\platform-tools\adb.exe -P 5037 -s emulator-5554 shell am force-stop com.androidsample.generalstore'
&amp#27;[38;5;212m[c4148d3a]&amp#27;[0m&amp#27;[38;5;229m[ADB]&amp#27;[0m Running 'C:\Users\HOME\AppData\Local\Android\Sdk\platform-tools\adb.exe -P 5037 -s emulator-5554 shell pm clear com.androidsample.generalstore'
&amp#27;[38;5;212m[c4148d3a]&amp#27;[0m&amp#27;[38;5;9m[AndroidUiautomator2Driver@8dd2]&amp#27;[0m Performed fast reset on the installed 'com.androidsample.generalstore' application (stop and clear)
&amp#27;[38;5;212m[c4148d3a]&amp#27;[0m&amp#27;[38;5;9m[AndroidUiautomator2Driver@8dd2]&amp#27;[0m Performing shallow cleanup of automation leftovers
&amp#27;[38;5;212m[c4148d3a]&amp#27;[0m&amp#27;[38;5;9m[AndroidUiautomator2Driver@8dd2]&amp#27;[0m No obsolete sessions have been detected (socket hang up)
&amp#27;[38;5;212m[c4148d3a]&amp#27;[0m&amp#27;[38;5;229m[ADB]&amp#27;[0m Running 'C:\Users\HOME\AppData\Local\Android\Sdk\platform-tools\adb.exe -P 5037 -s emulator-5554 shell am force-stop io.appium.uiautomator2.server'
&amp#27;[38;5;212m[c4148d3a]&amp#27;[0m&amp#27;[38;5;229m[ADB]&amp#27;[0m Running 'C:\Users\HOME\AppData\Local\Android\Sdk\platform-tools\adb.exe -P 5037 -s emulator-5554 shell am force-stop io.appium.uiautomator2.server.test'
&amp#27;[38;5;212m[c4148d3a]&amp#27;[0m&amp#27;[38;5;9m[AndroidUiautomator2Driver@8dd2]&amp#27;[0m Starting UIAutomator2 server 7.0.20
&amp#27;[38;5;212m[c4148d3a]&amp#27;[0m&amp#27;[38;5;9m[AndroidUiautomator2Driver@8dd2]&amp#27;[0m Using UIAutomator2 server from 'C:\Users\HOME\.appium\node_modules\appium-uiautomator2-driver\node_modules\appium-uiautomator2-server\apks\appium-uiautomator2-server-v7.0.20.apk' and test from 'C:\Users\HOME\.appium\node_modules\appium-uiautomator2-driver\node_modules\appium-uiautomator2-server\apks\appium-uiautomator2-server-debug-androidTest.apk'
&amp#27;[38;5;212m[c4148d3a]&amp#27;[0m&amp#27;[38;5;9m[AndroidUiautomator2Driver@8dd2]&amp#27;[0m Waiting up to 30000ms for UiAutomator2 to be online...
&amp#27;[38;5;212m[c4148d3a]&amp#27;[0m&amp#27;[38;5;229m[ADB]&amp#27;[0m Creating ADB subprocess with args: ["-P","5037","-s","emulator-5554","shell","am","instrument","-w","-e","disableAnalytics","true","io.appium.uiautomator2.server.test/androidx.test.runner.AndroidJUnitRunner"]
&amp#27;[38;5;212m[c4148d3a]&amp#27;[0m&amp#27;[38;5;9m[AndroidUiautomator2Driver@8dd2]&amp#27;[0m Matched '/status' to command name 'getStatus'
&amp#27;[38;5;212m[c4148d3a]&amp#27;[0m&amp#27;[38;5;9m[AndroidUiautomator2Driver@8dd2]&amp#27;[0m Proxying [GET /status] to [GET http://127.0.0.1:8200/status] with no body
&amp#27;[38;5;212m[c4148d3a]&amp#27;[0m&amp#27;[38;5;9m[AndroidUiautomator2Driver@8dd2]&amp#27;[0m socket hang up
&amp#27;[38;5;212m[c4148d3a]&amp#27;[0m&amp#27;[38;5;9m[AndroidUiautomator2Driver@8dd2]&amp#27;[0m Matched '/status' to command name 'getStatus'
&amp#27;[38;5;212m[c4148d3a]&amp#27;[0m&amp#27;[38;5;9m[AndroidUiautomator2Driver@8dd2]&amp#27;[0m Proxying [GET /status] to [GET http://127.0.0.1:8200/status] with no body
&amp#27;[38;5;212m[c4148d3a]&amp#27;[0m&amp#27;[38;5;9m[AndroidUiautomator2Driver@8dd2]&amp#27;[0m socket hang up
&amp#27;[38;5;212m[c4148d3a]&amp#27;[0m&amp#27;[38;5;9m[AndroidUiautomator2Driver@8dd2]&amp#27;[0m [Instrumentation] 
&amp#27;[38;5;212m[c4148d3a]&amp#27;[0m&amp#27;[38;5;9m[AndroidUiautomator2Driver@8dd2]&amp#27;[0m Matched '/status' to command name 'getStatus'
&amp#27;[38;5;212m[c4148d3a]&amp#27;[0m&amp#27;[38;5;9m[AndroidUiautomator2Driver@8dd2]&amp#27;[0m Proxying [GET /status] to [GET http://127.0.0.1:8200/status] with no body
&amp#27;[38;5;212m[c4148d3a]&amp#27;[0m&amp#27;[38;5;9m[AndroidUiautomator2Driver@8dd2]&amp#27;[0m socket hang up
&amp#27;[38;5;212m[c4148d3a]&amp#27;[0m&amp#27;[38;5;9m[AndroidUiautomator2Driver@8dd2]&amp#27;[0m Matched '/status' to command name 'getStatus'
&amp#27;[38;5;212m[c4148d3a]&amp#27;[0m&amp#27;[38;5;9m[AndroidUiautomator2Driver@8dd2]&amp#27;[0m Proxying [GET /status] to [GET http://127.0.0.1:8200/status] with no body
&amp#27;[38;5;212m[c4148d3a]&amp#27;[0m&amp#27;[38;5;9m[AndroidUiautomator2Driver@8dd2]&amp#27;[0m Got response with status 200: {"sessionId":"None","value":{"message":"UiAutomator2 Server is ready to accept commands","ready":true}}
&amp#27;[38;5;212m[c4148d3a]&amp#27;[0m&amp#27;[38;5;9m[AndroidUiautomator2Driver@8dd2]&amp#27;[0m The initialization of the instrumentation process took 3305ms
&amp#27;[38;5;212m[c4148d3a]&amp#27;[0m&amp#27;[38;5;9m[AndroidUiautomator2Driver@8dd2]&amp#27;[0m Matched '/session' to command name 'createSession'
&amp#27;[38;5;212m[c4148d3a]&amp#27;[0m&amp#27;[38;5;9m[AndroidUiautomator2Driver@8dd2]&amp#27;[0m Proxying [POST /session] to [POST http://127.0.0.1:8200/session] with body: {"capabilities":{"firstMatch":[{"platformName":"ANDROID","deviceName":"emulator-5554","automationName":"UIAutomator2","app":"C:\\Users\\HOME\\OneDrive\\Desktop\\Appium\\AppiumFrameWorkDesign\\src\\main\\java\\Pranavraj\\AppiumFrameWorkDesign\\resources\\General-Store.apk","platform":"LINUX","webStorageEnabled":false,"takesScreenshot":true,"javascriptEnabled":true,"databaseEnabled":false,"networkConnectionEnabled":true,"locationContextEnabled":false,"warnings":{},"desired":{"platformName":"ANDROID","deviceName":"Lucky","automationName":"UIAutomator2","app":"C:\\Users\\HOME\\OneDrive\\Desktop\\Appium\\AppiumFrameWorkDesign\\src\\main\\java\\Pranavraj\\AppiumFrameWorkDesign\\resources\\General-Store.apk"},"deviceUDID":"emulator-5554","appPackage":"com.androidsample.generalstore"}],"alwaysMatch":{}}}
&amp#27;[38;5;212m[c4148d3a]&amp#27;[0m&amp#27;[38;5;9m[AndroidUiautomator2Driver@8dd2]&amp#27;[0m Got response with status 200: {"sessionId":"0fb48d37-5297-4bb6-aa15-f780f9e0d89a","value":{"capabilities":{"firstMatch":[{"platformName":"ANDROID","deviceName":"emulator-5554","automationName":"UIAutomator2","app":"C:\\Users\\HOME\\OneDrive\\Desktop\\Appium\\AppiumFrameWorkDesign\\src\\main\\java\\Pranavraj\\AppiumFrameWorkDesign\\resources\\General-Store.apk","platform":"LINUX","webStorageEnabled":false,"takesScreenshot":true,"javascriptEnabled":true,"databaseEnabled":false,"networkConnectionEnabled":true,"locationContextEnabled":false,"warnings":{},"desired":{"platformName":"ANDROID","deviceName":"Lucky","automationName":"UIAutomator2","app":"C:\\Users\\HOME\\OneDrive\\Desktop\\Appium\\AppiumFrameWorkDesign\\src\\main\\java\\Pranavraj\\AppiumFrameWorkDesign\\resources\\General-Store.apk"},"deviceUDID":"emulator-5554","appPackage":"com.androidsample.generalstore"}],"alwaysMatch":{}},"sessionId":"0fb48d37-5297-4bb6-aa15-f780f9e0d89a"}}
&amp#27;[38;5;212m[c4148d3a]&amp#27;[0m&amp#27;[38;5;9m[AndroidUiautomator2Driver@8dd2]&amp#27;[0m Determined the downstream protocol as 'W3C'
&amp#27;[38;5;212m[c4148d3a]&amp#27;[0m&amp#27;[38;5;9m[AndroidUiautomator2Driver@8dd2]&amp#27;[0m Proxying [GET /appium/device/pixel_ratio] to [GET http://127.0.0.1:8200/session/0fb48d37-5297-4bb6-aa15-f780f9e0d89a/appium/device/pixel_ratio] with no body
&amp#27;[38;5;212m[c4148d3a]&amp#27;[0m&amp#27;[38;5;9m[AndroidUiautomator2Driver@8dd2]&amp#27;[0m Matched '/appium/device/system_bars' to command name 'getSystemBars'
&amp#27;[38;5;212m[c4148d3a]&amp#27;[0m&amp#27;[38;5;9m[AndroidUiautomator2Driver@8dd2]&amp#27;[0m Proxying [GET /appium/device/system_bars] to [GET http://127.0.0.1:8200/session/0fb48d37-5297-4bb6-aa15-f780f9e0d89a/appium/device/system_bars] with no body
&amp#27;[38;5;212m[c4148d3a]&amp#27;[0m&amp#27;[38;5;9m[AndroidUiautomator2Driver@8dd2]&amp#27;[0m Matched '/window/current/size' to command name 'getWindowSize'
&amp#27;[38;5;212m[c4148d3a]&amp#27;[0m&amp#27;[38;5;9m[AndroidUiautomator2Driver@8dd2]&amp#27;[0m Proxying [GET /window/current/size] to [GET http://127.0.0.1:8200/session/0fb48d37-5297-4bb6-aa15-f780f9e0d89a/window/current/size] with no body
&amp#27;[38;5;212m[c4148d3a]&amp#27;[0m&amp#27;[38;5;9m[AndroidUiautomator2Driver@8dd2]&amp#27;[0m Proxying [GET /appium/device/info] to [GET http://127.0.0.1:8200/session/0fb48d37-5297-4bb6-aa15-f780f9e0d89a/appium/device/info] with no body
&amp#27;[38;5;212m[c4148d3a]&amp#27;[0m&amp#27;[38;5;229m[ADB]&amp#27;[0m Running 'C:\Users\HOME\AppData\Local\Android\Sdk\platform-tools\adb.exe -P 5037 -s emulator-5554 shell dumpsys window'
&amp#27;[38;5;212m[c4148d3a]&amp#27;[0m&amp#27;[38;5;229m[ADB]&amp#27;[0m Running 'C:\Users\HOME\AppData\Local\Android\Sdk\platform-tools\adb.exe -P 5037 -s emulator-5554 shell dumpsys power'
&amp#27;[38;5;212m[c4148d3a]&amp#27;[0m&amp#27;[38;5;9m[AndroidUiautomator2Driver@8dd2]&amp#27;[0m Got response with status 200: {"sessionId":"0fb48d37-5297-4bb6-aa15-f780f9e0d89a","value":2.625}
&amp#27;[38;5;212m[c4148d3a]&amp#27;[0m&amp#27;[38;5;9m[AndroidUiautomator2Driver@8dd2]&amp#27;[0m Got response with status 200: {"sessionId":"0fb48d37-5297-4bb6-aa15-f780f9e0d89a","value":{"statusBar":63}}
&amp#27;[38;5;212m[c4148d3a]&amp#27;[0m&amp#27;[38;5;9m[AndroidUiautomator2Driver@8dd2]&amp#27;[0m Got response with status 200: {"sessionId":"0fb48d37-5297-4bb6-aa15-f780f9e0d89a","value":{"height":1920,"width":1080}}
&amp#27;[38;5;212m[c4148d3a]&amp#27;[0m&amp#27;[38;5;9m[AndroidUiautomator2Driver@8dd2]&amp#27;[0m Got response with status 200: {"sessionId":"0fb48d37-5297-4bb6-aa15-f780f9e0d89a","value":{"androidId":"556a1f68ec3f4798","apiVersion":"35","bluetooth":{"state":"ON"},"brand":"google","carrierName":"T-Mobile","displayDensity":420,"locale":"en_US","manufacturer":"Google","model":"sdk_gphone64_x86_64","networks":[{"capabilities":{"SSID":null,"linkDownBandwidthKbps":30000,"linkUpstreamBandwidthKbps":12000,"networkCapabilities":"NET_CAPABILITY_NOT_METERED,NET_CAPABILITY_INTERNET,NET_CAPABILITY_NOT_RESTRICTED,NET_CAPABILITY_TRUSTED,NET_CAPABILITY_NOT_VPN,NET_CAPABILITY_VALIDATED,NET_CAPABILITY_NOT_ROAMING,NET_CAPABILITY_FOREGROUND,NET_CAPABILITY_NOT_CONGESTED,NET_CAPABILITY_NOT_SUSPENDED","signalStrength":-50,"transportTypes":"TRANSPORT_WIFI"},"detailedState":"CONNECTED","extraInfo":"","isAvailable":true,"isConnected":true,"isFailover":false,"isRoaming":false,"state":"CONNECTED","subtype":-1,"subtypeName":"","type":1,"typeName":"WIFI"},{"capabilities":{"SSID":null,"linkDownBandwidthKbps":4300,"linkUpstreamBandwidthKbps":1800,"networkCapabil...
&amp#27;[38;5;212m[c4148d3a]&amp#27;[0m&amp#27;[38;5;9m[AndroidUiautomator2Driver@8dd2]&amp#27;[0m Screen already unlocked, doing nothing
&amp#27;[38;5;212m[c4148d3a]&amp#27;[0m&amp#27;[38;5;9m[AndroidUiautomator2Driver@8dd2]&amp#27;[0m Starting 'com.androidsample.generalstore/com.androidsample.generalstore.SplashActivity and waiting for 'com.androidsample.generalstore/com.androidsample.generalstore.SplashActivity'
&amp#27;[38;5;212m[c4148d3a]&amp#27;[0m&amp#27;[38;5;229m[ADB]&amp#27;[0m Running 'C:\Users\HOME\AppData\Local\Android\Sdk\platform-tools\adb.exe -P 5037 -s emulator-5554 shell am start -W -n com.androidsample.generalstore/com.androidsample.generalstore.SplashActivity -S -a android.intent.action.MAIN -c android.intent.category.LAUNCHER -f 0x10200000'
&amp#27;[38;5;212m[c4148d3a]&amp#27;[0m&amp#27;[38;5;229m[ADB]&amp#27;[0m Waiting up to 20000ms for activity matching pkg: 'com.androidsample.generalstore' and activity: 'com.androidsample.generalstore.SplashActivity' to be focused
&amp#27;[38;5;212m[c4148d3a]&amp#27;[0m&amp#27;[38;5;229m[ADB]&amp#27;[0m Possible activities, to be checked: 'com.androidsample.generalstore.SplashActivity', 'com.androidsample.generalstore.com.androidsample.generalstore.SplashActivity'
&amp#27;[38;5;212m[c4148d3a]&amp#27;[0m&amp#27;[38;5;229m[ADB]&amp#27;[0m Getting focused package and activity
&amp#27;[38;5;212m[c4148d3a]&amp#27;[0m&amp#27;[38;5;229m[ADB]&amp#27;[0m Running 'C:\Users\HOME\AppData\Local\Android\Sdk\platform-tools\adb.exe -P 5037 -s emulator-5554 shell dumpsys window displays'
&amp#27;[38;5;212m[c4148d3a]&amp#27;[0m&amp#27;[38;5;229m[ADB]&amp#27;[0m Found package: 'com.androidsample.generalstore' and fully qualified activity name : 'com.androidsample.generalstore.SplashActivity'
&amp#27;[38;5;212m[c4148d3a]&amp#27;[0m&amp#27;[38;5;56m[AppiumDriver@f9e2]&amp#27;[0m New AndroidUiautomator2Driver session created successfully, session c4148d3a-cb7c-4a90-ac66-ac6537bcf08d added to master session list
&amp#27;[38;5;212m[c4148d3a]&amp#27;[0m&amp#27;[38;5;56m[AppiumDriver@f9e2]&amp#27;[0m Event 'newSessionStarted' logged at 1722938526568 (15:32:06 GMT+0530 (India Standard Time))
&amp#27;[38;5;212m[c4148d3a]&amp#27;[0m&amp#27;[38;5;9m[AndroidUiautomator2Driver@8dd2]&amp#27;[0m Cached the protocol value 'W3C' for the new session c4148d3a-cb7c-4a90-ac66-ac6537bcf08d
&amp#27;[38;5;212m[c4148d3a]&amp#27;[0m&amp#27;[38;5;9m[AndroidUiautomator2Driver@8dd2]&amp#27;[0m Responding to client with driver.createSession() result: {"capabilities":{"platformName":"ANDROID","deviceName":"emulator-5554","automationName":"UIAutomator2","app":"C:\\Users\\HOME\\OneDrive\\Desktop\\Appium\\AppiumFrameWorkDesign\\src\\main\\java\\Pranavraj\\AppiumFrameWorkDesign\\resources\\General-Store.apk","platform":"LINUX","webStorageEnabled":false,"takesScreenshot":true,"javascriptEnabled":true,"databaseEnabled":false,"networkConnectionEnabled":true,"locationContextEnabled":false,"warnings":{},"desired":{"platformName":"ANDROID","deviceName":"Lucky","automationName":"UIAutomator2","app":"C:\\Users\\HOME\\OneDrive\\Desktop\\Appium\\AppiumFrameWorkDesign\\src\\main\\java\\Pranavraj\\AppiumFrameWorkDesign\\resources\\General-Store.apk"},"deviceUDID":"emulator-5554","appPackage":"com.androidsample.generalstore","pixelRatio":"2.625","statBarHeight":63,"viewportRect":{"left":0,"top":63,"width":1080,"height":1857},"deviceApiLevel":35,"platformVersion":"15","deviceManufacturer":"Google","deviceModel":"sdk_gphone64_x86_64","deviceScreenSize":"1080x1920","device...
&amp#27;[38;5;212m[c4148d3a]&amp#27;[0m&amp#27;[38;5;86m[HTTP]&amp#27;[0m &amp#27;[37m<-- POST /session &amp#27;[39m&amp#27;[32m200&amp#27;[39m &amp#27;[90m8049 ms - 1102&amp#27;[39m &amp#27;[90m&amp#27;[39m
&amp#27;[38;5;212m[c4148d3a]&amp#27;[0m&amp#27;[38;5;86m[HTTP]&amp#27;[0m &amp#27;[37m-->&amp#27;[39m &amp#27;[37mPOST&amp#27;[39m &amp#27;[37m/session/c4148d3a-cb7c-4a90-ac66-ac6537bcf08d/timeouts&amp#27;[39m &amp#27;[90m{"implicit":15000}&amp#27;[39m
&amp#27;[38;5;212m[c4148d3a]&amp#27;[0m&amp#27;[38;5;9m[AndroidUiautomator2Driver@8dd2]&amp#27;[0m Calling AppiumDriver.timeouts() with args: [null,null,null,null,15000,"c4148d3a-cb7c-4a90-ac66-ac6537bcf08d"]
&amp#27;[38;5;212m[c4148d3a]&amp#27;[0m&amp#27;[38;5;9m[AndroidUiautomator2Driver@8dd2]&amp#27;[0m W3C timeout argument: {"implicit":15000}}
&amp#27;[38;5;212m[c4148d3a]&amp#27;[0m&amp#27;[38;5;9m[AndroidUiautomator2Driver@8dd2]&amp#27;[0m Set implicit wait to 15000ms
&amp#27;[38;5;212m[c4148d3a]&amp#27;[0m&amp#27;[38;5;9m[AndroidUiautomator2Driver@8dd2]&amp#27;[0m Responding to client with driver.timeouts() result: null
&amp#27;[38;5;212m[c4148d3a]&amp#27;[0m&amp#27;[38;5;86m[HTTP]&amp#27;[0m &amp#27;[37m<-- POST /session/c4148d3a-cb7c-4a90-ac66-ac6537bcf08d/timeouts &amp#27;[39m&amp#27;[32m200&amp#27;[39m &amp#27;[90m7 ms - 14&amp#27;[39m &amp#27;[90m&amp#27;[39m
&amp#27;[38;5;212m[c4148d3a]&amp#27;[0m&amp#27;[38;5;86m[HTTP]&amp#27;[0m &amp#27;[37m-->&amp#27;[39m &amp#27;[37mGET&amp#27;[39m &amp#27;[37m/session/c4148d3a-cb7c-4a90-ac66-ac6537bcf08d/context&amp#27;[39m &amp#27;[90m{}&amp#27;[39m
&amp#27;[38;5;212m[c4148d3a]&amp#27;[0m&amp#27;[38;5;9m[AndroidUiautomator2Driver@8dd2]&amp#27;[0m Calling AppiumDriver.getCurrentContext() with args: ["c4148d3a-cb7c-4a90-ac66-ac6537bcf08d"]
&amp#27;[38;5;212m[c4148d3a]&amp#27;[0m&amp#27;[38;5;9m[AndroidUiautomator2Driver@8dd2]&amp#27;[0m Responding to client with driver.getCurrentContext() result: "NATIVE_APP"
&amp#27;[38;5;212m[c4148d3a]&amp#27;[0m&amp#27;[38;5;86m[HTTP]&amp#27;[0m &amp#27;[37m<-- GET /session/c4148d3a-cb7c-4a90-ac66-ac6537bcf08d/context &amp#27;[39m&amp#27;[32m200&amp#27;[39m &amp#27;[90m9 ms - 22&amp#27;[39m &amp#27;[90m&amp#27;[39m
&amp#27;[38;5;212m[c4148d3a]&amp#27;[0m&amp#27;[38;5;86m[HTTP]&amp#27;[0m &amp#27;[37m-->&amp#27;[39m &amp#27;[37mPOST&amp#27;[39m &amp#27;[37m/session/c4148d3a-cb7c-4a90-ac66-ac6537bcf08d/element&amp#27;[39m &amp#27;[90m{"value":"android:id/text1","using":"id"}&amp#27;[39m
&amp#27;[38;5;212m[c4148d3a]&amp#27;[0m&amp#27;[38;5;9m[AndroidUiautomator2Driver@8dd2]&amp#27;[0m Calling AppiumDriver.findElement() with args: ["id","android:id/text1","c4148d3a-cb7c-4a90-ac66-ac6537bcf08d"]
&amp#27;[38;5;212m[c4148d3a]&amp#27;[0m&amp#27;[38;5;9m[AndroidUiautomator2Driver@8dd2]&amp#27;[0m Valid locator strategies for this request: xpath, id, class name, accessibility id, css selector, -android uiautomator
&amp#27;[38;5;212m[c4148d3a]&amp#27;[0m&amp#27;[38;5;9m[AndroidUiautomator2Driver@8dd2]&amp#27;[0m Waiting up to 15000 ms for condition
&amp#27;[38;5;212m[c4148d3a]&amp#27;[0m&amp#27;[38;5;9m[AndroidUiautomator2Driver@8dd2]&amp#27;[0m Matched '/element' to command name 'findElement'
&amp#27;[38;5;212m[c4148d3a]&amp#27;[0m&amp#27;[38;5;9m[AndroidUiautomator2Driver@8dd2]&amp#27;[0m Proxying [POST /element] to [POST http://127.0.0.1:8200/session/0fb48d37-5297-4bb6-aa15-f780f9e0d89a/element] with body: {"strategy":"id","selector":"android:id/text1","context":"","multiple":false}
&amp#27;[38;5;212m[c4148d3a]&amp#27;[0m&amp#27;[38;5;9m[AndroidUiautomator2Driver@8dd2]&amp#27;[0m Got response with status 404: {"sessionId":"0fb48d37-5297-4bb6-aa15-f780f9e0d89a","value":{"error":"no such element","message":"An element could not be located on the page using the given search parameters","stacktrace":"io.appium.uiautomator2.common.exceptions.ElementNotFoundException: An element could not be located on the page using the given search parameters\n\tat io.appium.uiautomator2.handler.FindElement.safeHandle(FindElement.java:63)\n\tat io.appium.uiautomator2.handler.request.SafeRequestHandler.handle(SafeRequestHandler.java:59)\n\tat io.appium.uiautomator2.server.AppiumServlet.handleRequest(AppiumServlet.java:259)\n\tat io.appium.uiautomator2.server.AppiumServlet.handleHttpRequest(AppiumServlet.java:253)\n\tat io.appium.uiautomator2.http.ServerHandler.channelRead(ServerHandler.java:77)\n\tat io.netty.channel.AbstractChannelHandlerContext.invokeChannelRead(AbstractChannelHandlerContext.java:366)\n\tat io.netty.channel.AbstractChannelHandlerContext.invokeChannelRead(AbstractChannelHandlerContext.java:352)\n\tat io.netty.chann...
&amp#27;[38;5;212m[c4148d3a]&amp#27;[0m&amp#27;[38;5;123m[W3C]&amp#27;[0m Matched W3C error code 'no such element' to NoSuchElementError
&amp#27;[38;5;212m[c4148d3a]&amp#27;[0m&amp#27;[38;5;9m[AndroidUiautomator2Driver@8dd2]&amp#27;[0m Waited for 128 ms so far
&amp#27;[38;5;212m[c4148d3a]&amp#27;[0m&amp#27;[38;5;9m[AndroidUiautomator2Driver@8dd2]&amp#27;[0m Matched '/element' to command name 'findElement'
&amp#27;[38;5;212m[c4148d3a]&amp#27;[0m&amp#27;[38;5;9m[AndroidUiautomator2Driver@8dd2]&amp#27;[0m Proxying [POST /element] to [POST http://127.0.0.1:8200/session/0fb48d37-5297-4bb6-aa15-f780f9e0d89a/element] with body: {"strategy":"id","selector":"android:id/text1","context":"","multiple":false}
&amp#27;[38;5;212m[c4148d3a]&amp#27;[0m&amp#27;[38;5;9m[AndroidUiautomator2Driver@8dd2]&amp#27;[0m Got response with status 404: {"sessionId":"0fb48d37-5297-4bb6-aa15-f780f9e0d89a","value":{"error":"no such element","message":"An element could not be located on the page using the given search parameters","stacktrace":"io.appium.uiautomator2.common.exceptions.ElementNotFoundException: An element could not be located on the page using the given search parameters\n\tat io.appium.uiautomator2.handler.FindElement.safeHandle(FindElement.java:63)\n\tat io.appium.uiautomator2.handler.request.SafeRequestHandler.handle(SafeRequestHandler.java:59)\n\tat io.appium.uiautomator2.server.AppiumServlet.handleRequest(AppiumServlet.java:259)\n\tat io.appium.uiautomator2.server.AppiumServlet.handleHttpRequest(AppiumServlet.java:253)\n\tat io.appium.uiautomator2.http.ServerHandler.channelRead(ServerHandler.java:77)\n\tat io.netty.channel.AbstractChannelHandlerContext.invokeChannelRead(AbstractChannelHandlerContext.java:366)\n\tat io.netty.channel.AbstractChannelHandlerContext.invokeChannelRead(AbstractChannelHandlerContext.java:352)\n\tat io.netty.chann...
&amp#27;[38;5;212m[c4148d3a]&amp#27;[0m&amp#27;[38;5;123m[W3C]&amp#27;[0m Matched W3C error code 'no such element' to NoSuchElementError
&amp#27;[38;5;212m[c4148d3a]&amp#27;[0m&amp#27;[38;5;9m[AndroidUiautomator2Driver@8dd2]&amp#27;[0m Waited for 667 ms so far
&amp#27;[38;5;212m[c4148d3a]&amp#27;[0m&amp#27;[38;5;9m[AndroidUiautomator2Driver@8dd2]&amp#27;[0m Matched '/element' to command name 'findElement'
&amp#27;[38;5;212m[c4148d3a]&amp#27;[0m&amp#27;[38;5;9m[AndroidUiautomator2Driver@8dd2]&amp#27;[0m Proxying [POST /element] to [POST http://127.0.0.1:8200/session/0fb48d37-5297-4bb6-aa15-f780f9e0d89a/element] with body: {"strategy":"id","selector":"android:id/text1","context":"","multiple":false}
&amp#27;[38;5;212m[c4148d3a]&amp#27;[0m&amp#27;[38;5;9m[AndroidUiautomator2Driver@8dd2]&amp#27;[0m Got response with status 404: {"sessionId":"0fb48d37-5297-4bb6-aa15-f780f9e0d89a","value":{"error":"no such element","message":"An element could not be located on the page using the given search parameters","stacktrace":"io.appium.uiautomator2.common.exceptions.ElementNotFoundException: An element could not be located on the page using the given search parameters\n\tat io.appium.uiautomator2.handler.FindElement.safeHandle(FindElement.java:63)\n\tat io.appium.uiautomator2.handler.request.SafeRequestHandler.handle(SafeRequestHandler.java:59)\n\tat io.appium.uiautomator2.server.AppiumServlet.handleRequest(AppiumServlet.java:259)\n\tat io.appium.uiautomator2.server.AppiumServlet.handleHttpRequest(AppiumServlet.java:253)\n\tat io.appium.uiautomator2.http.ServerHandler.channelRead(ServerHandler.java:77)\n\tat io.netty.channel.AbstractChannelHandlerContext.invokeChannelRead(AbstractChannelHandlerContext.java:366)\n\tat io.netty.channel.AbstractChannelHandlerContext.invokeChannelRead(AbstractChannelHandlerContext.java:352)\n\tat io.netty.chann...
&amp#27;[38;5;212m[c4148d3a]&amp#27;[0m&amp#27;[38;5;123m[W3C]&amp#27;[0m Matched W3C error code 'no such element' to NoSuchElementError
&amp#27;[38;5;212m[c4148d3a]&amp#27;[0m&amp#27;[38;5;9m[AndroidUiautomator2Driver@8dd2]&amp#27;[0m Waited for 1203 ms so far
&amp#27;[38;5;212m[c4148d3a]&amp#27;[0m&amp#27;[38;5;9m[AndroidUiautomator2Driver@8dd2]&amp#27;[0m Matched '/element' to command name 'findElement'
&amp#27;[38;5;212m[c4148d3a]&amp#27;[0m&amp#27;[38;5;9m[AndroidUiautomator2Driver@8dd2]&amp#27;[0m Proxying [POST /element] to [POST http://127.0.0.1:8200/session/0fb48d37-5297-4bb6-aa15-f780f9e0d89a/element] with body: {"strategy":"id","selector":"android:id/text1","context":"","multiple":false}
&amp#27;[38;5;212m[c4148d3a]&amp#27;[0m&amp#27;[38;5;9m[AndroidUiautomator2Driver@8dd2]&amp#27;[0m Got response with status 404: {"sessionId":"0fb48d37-5297-4bb6-aa15-f780f9e0d89a","value":{"error":"no such element","message":"An element could not be located on the page using the given search parameters","stacktrace":"io.appium.uiautomator2.common.exceptions.ElementNotFoundException: An element could not be located on the page using the given search parameters\n\tat io.appium.uiautomator2.handler.FindElement.safeHandle(FindElement.java:63)\n\tat io.appium.uiautomator2.handler.request.SafeRequestHandler.handle(SafeRequestHandler.java:59)\n\tat io.appium.uiautomator2.server.AppiumServlet.handleRequest(AppiumServlet.java:259)\n\tat io.appium.uiautomator2.server.AppiumServlet.handleHttpRequest(AppiumServlet.java:253)\n\tat io.appium.uiautomator2.http.ServerHandler.channelRead(ServerHandler.java:77)\n\tat io.netty.channel.AbstractChannelHandlerContext.invokeChannelRead(AbstractChannelHandlerContext.java:366)\n\tat io.netty.channel.AbstractChannelHandlerContext.invokeChannelRead(AbstractChannelHandlerContext.java:352)\n\tat io.netty.chann...
&amp#27;[38;5;212m[c4148d3a]&amp#27;[0m&amp#27;[38;5;123m[W3C]&amp#27;[0m Matched W3C error code 'no such element' to NoSuchElementError
&amp#27;[38;5;212m[c4148d3a]&amp#27;[0m&amp#27;[38;5;9m[AndroidUiautomator2Driver@8dd2]&amp#27;[0m Waited for 2115 ms so far
&amp#27;[38;5;212m[c4148d3a]&amp#27;[0m&amp#27;[38;5;9m[AndroidUiautomator2Driver@8dd2]&amp#27;[0m Matched '/element' to command name 'findElement'
&amp#27;[38;5;212m[c4148d3a]&amp#27;[0m&amp#27;[38;5;9m[AndroidUiautomator2Driver@8dd2]&amp#27;[0m Proxying [POST /element] to [POST http://127.0.0.1:8200/session/0fb48d37-5297-4bb6-aa15-f780f9e0d89a/element] with body: {"strategy":"id","selector":"android:id/text1","context":"","multiple":false}
&amp#27;[38;5;212m[c4148d3a]&amp#27;[0m&amp#27;[38;5;9m[AndroidUiautomator2Driver@8dd2]&amp#27;[0m Got response with status 200: {"sessionId":"0fb48d37-5297-4bb6-aa15-f780f9e0d89a","value":{"ELEMENT":"00000000-0000-0133-ffff-ffff00000024","element-6066-11e4-a52e-4f735466cecf":"00000000-0000-0133-ffff-ffff00000024"}}
&amp#27;[38;5;212m[c4148d3a]&amp#27;[0m&amp#27;[38;5;9m[AndroidUiautomator2Driver@8dd2]&amp#27;[0m Responding to client with driver.findElement() result: {"element-6066-11e4-a52e-4f735466cecf":"00000000-0000-0133-ffff-ffff00000024","ELEMENT":"00000000-0000-0133-ffff-ffff00000024"}
&amp#27;[38;5;212m[c4148d3a]&amp#27;[0m&amp#27;[38;5;86m[HTTP]&amp#27;[0m &amp#27;[37m<-- POST /session/c4148d3a-cb7c-4a90-ac66-ac6537bcf08d/element &amp#27;[39m&amp#27;[32m200&amp#27;[39m &amp#27;[90m3482 ms - 137&amp#27;[39m &amp#27;[90m&amp#27;[39m
&amp#27;[38;5;212m[c4148d3a]&amp#27;[0m&amp#27;[38;5;86m[HTTP]&amp#27;[0m &amp#27;[37m-->&amp#27;[39m &amp#27;[37mPOST&amp#27;[39m &amp#27;[37m/session/c4148d3a-cb7c-4a90-ac66-ac6537bcf08d/element/00000000-0000-0133-ffff-ffff00000024/click&amp#27;[39m &amp#27;[90m{"id":"00000000-0000-0133-ffff-ffff00000024"}&amp#27;[39m
&amp#27;[38;5;212m[c4148d3a]&amp#27;[0m&amp#27;[38;5;9m[AndroidUiautomator2Driver@8dd2]&amp#27;[0m Calling AppiumDriver.click() with args: ["00000000-0000-0133-ffff-ffff00000024","c4148d3a-cb7c-4a90-ac66-ac6537bcf08d"]
&amp#27;[38;5;212m[c4148d3a]&amp#27;[0m&amp#27;[38;5;9m[AndroidUiautomator2Driver@8dd2]&amp#27;[0m Matched '/element/00000000-0000-0133-ffff-ffff00000024/click' to command name 'click'
&amp#27;[38;5;212m[c4148d3a]&amp#27;[0m&amp#27;[38;5;9m[AndroidUiautomator2Driver@8dd2]&amp#27;[0m Proxying [POST /element/00000000-0000-0133-ffff-ffff00000024/click] to [POST http://127.0.0.1:8200/session/0fb48d37-5297-4bb6-aa15-f780f9e0d89a/element/00000000-0000-0133-ffff-ffff00000024/click] with body: {"element":"00000000-0000-0133-ffff-ffff00000024"}
&amp#27;[38;5;212m[c4148d3a]&amp#27;[0m&amp#27;[38;5;9m[AndroidUiautomator2Driver@8dd2]&amp#27;[0m Got response with status 200: {"sessionId":"0fb48d37-5297-4bb6-aa15-f780f9e0d89a","value":null}
&amp#27;[38;5;212m[c4148d3a]&amp#27;[0m&amp#27;[38;5;9m[AndroidUiautomator2Driver@8dd2]&amp#27;[0m Responding to client with driver.click() result: null
&amp#27;[38;5;212m[c4148d3a]&amp#27;[0m&amp#27;[38;5;86m[HTTP]&amp#27;[0m &amp#27;[37m<-- POST /session/c4148d3a-cb7c-4a90-ac66-ac6537bcf08d/element/00000000-0000-0133-ffff-ffff00000024/click &amp#27;[39m&amp#27;[32m200&amp#27;[39m &amp#27;[90m76 ms - 14&amp#27;[39m &amp#27;[90m&amp#27;[39m
&amp#27;[38;5;212m[c4148d3a]&amp#27;[0m&amp#27;[38;5;86m[HTTP]&amp#27;[0m &amp#27;[37m-->&amp#27;[39m &amp#27;[37mPOST&amp#27;[39m &amp#27;[37m/session/c4148d3a-cb7c-4a90-ac66-ac6537bcf08d/element&amp#27;[39m &amp#27;[90m{"value":"new UiScrollable(new UiSelector()).scrollIntoView(text(\"Australia\"));","using":"-android uiautomator"}&amp#27;[39m
&amp#27;[38;5;212m[c4148d3a]&amp#27;[0m&amp#27;[38;5;9m[AndroidUiautomator2Driver@8dd2]&amp#27;[0m Calling AppiumDriver.findElement() with args: ["-android uiautomator","new UiScrollable(new UiSelector()).scrollIntoView(text(\"Australia\"));","c4148d3a-cb7c-4a90-ac66-ac6537bcf08d"]
&amp#27;[38;5;212m[c4148d3a]&amp#27;[0m&amp#27;[38;5;9m[AndroidUiautomator2Driver@8dd2]&amp#27;[0m Valid locator strategies for this request: xpath, id, class name, accessibility id, css selector, -android uiautomator
&amp#27;[38;5;212m[c4148d3a]&amp#27;[0m&amp#27;[38;5;9m[AndroidUiautomator2Driver@8dd2]&amp#27;[0m Waiting up to 15000 ms for condition
&amp#27;[38;5;212m[c4148d3a]&amp#27;[0m&amp#27;[38;5;9m[AndroidUiautomator2Driver@8dd2]&amp#27;[0m Matched '/element' to command name 'findElement'
&amp#27;[38;5;212m[c4148d3a]&amp#27;[0m&amp#27;[38;5;9m[AndroidUiautomator2Driver@8dd2]&amp#27;[0m Proxying [POST /element] to [POST http://127.0.0.1:8200/session/0fb48d37-5297-4bb6-aa15-f780f9e0d89a/element] with body: {"strategy":"-android uiautomator","selector":"new UiScrollable(new UiSelector()).scrollIntoView(text(\"Australia\"));","context":"","multiple":false}
&amp#27;[38;5;212m[c4148d3a]&amp#27;[0m&amp#27;[38;5;9m[AndroidUiautomator2Driver@8dd2]&amp#27;[0m Got response with status 200: {"sessionId":"0fb48d37-5297-4bb6-aa15-f780f9e0d89a","value":{"ELEMENT":"00000000-0000-0134-ffff-ffff0000002c","element-6066-11e4-a52e-4f735466cecf":"00000000-0000-0134-ffff-ffff0000002c"}}
&amp#27;[38;5;212m[c4148d3a]&amp#27;[0m&amp#27;[38;5;9m[AndroidUiautomator2Driver@8dd2]&amp#27;[0m Responding to client with driver.findElement() result: {"element-6066-11e4-a52e-4f735466cecf":"00000000-0000-0134-ffff-ffff0000002c","ELEMENT":"00000000-0000-0134-ffff-ffff0000002c"}
&amp#27;[38;5;212m[c4148d3a]&amp#27;[0m&amp#27;[38;5;86m[HTTP]&amp#27;[0m &amp#27;[37m<-- POST /session/c4148d3a-cb7c-4a90-ac66-ac6537bcf08d/element &amp#27;[39m&amp#27;[32m200&amp#27;[39m &amp#27;[90m4130 ms - 137&amp#27;[39m &amp#27;[90m&amp#27;[39m
&amp#27;[38;5;212m[c4148d3a]&amp#27;[0m&amp#27;[38;5;86m[HTTP]&amp#27;[0m &amp#27;[37m-->&amp#27;[39m &amp#27;[37mGET&amp#27;[39m &amp#27;[37m/session/c4148d3a-cb7c-4a90-ac66-ac6537bcf08d/context&amp#27;[39m &amp#27;[90m{}&amp#27;[39m
&amp#27;[38;5;212m[c4148d3a]&amp#27;[0m&amp#27;[38;5;9m[AndroidUiautomator2Driver@8dd2]&amp#27;[0m Calling AppiumDriver.getCurrentContext() with args: ["c4148d3a-cb7c-4a90-ac66-ac6537bcf08d"]
&amp#27;[38;5;212m[c4148d3a]&amp#27;[0m&amp#27;[38;5;9m[AndroidUiautomator2Driver@8dd2]&amp#27;[0m Responding to client with driver.getCurrentContext() result: "NATIVE_APP"
&amp#27;[38;5;212m[c4148d3a]&amp#27;[0m&amp#27;[38;5;86m[HTTP]&amp#27;[0m &amp#27;[37m<-- GET /session/c4148d3a-cb7c-4a90-ac66-ac6537bcf08d/context &amp#27;[39m&amp#27;[32m200&amp#27;[39m &amp#27;[90m3 ms - 22&amp#27;[39m &amp#27;[90m&amp#27;[39m
&amp#27;[38;5;212m[c4148d3a]&amp#27;[0m&amp#27;[38;5;86m[HTTP]&amp#27;[0m &amp#27;[37m-->&amp#27;[39m &amp#27;[37mPOST&amp#27;[39m &amp#27;[37m/session/c4148d3a-cb7c-4a90-ac66-ac6537bcf08d/element&amp#27;[39m &amp#27;[90m{"value":"//android.widget.TextView[@text='Australia']","using":"xpath"}&amp#27;[39m
&amp#27;[38;5;212m[c4148d3a]&amp#27;[0m&amp#27;[38;5;9m[AndroidUiautomator2Driver@8dd2]&amp#27;[0m Calling AppiumDriver.findElement() with args: ["xpath","//android.widget.TextView[@text='Australia']","c4148d3a-cb7c-4a90-ac66-ac6537bcf08d"]
&amp#27;[38;5;212m[c4148d3a]&amp#27;[0m&amp#27;[38;5;9m[AndroidUiautomator2Driver@8dd2]&amp#27;[0m Valid locator strategies for this request: xpath, id, class name, accessibility id, css selector, -android uiautomator
&amp#27;[38;5;212m[c4148d3a]&amp#27;[0m&amp#27;[38;5;9m[AndroidUiautomator2Driver@8dd2]&amp#27;[0m Waiting up to 15000 ms for condition
&amp#27;[38;5;212m[c4148d3a]&amp#27;[0m&amp#27;[38;5;9m[AndroidUiautomator2Driver@8dd2]&amp#27;[0m Matched '/element' to command name 'findElement'
&amp#27;[38;5;212m[c4148d3a]&amp#27;[0m&amp#27;[38;5;9m[AndroidUiautomator2Driver@8dd2]&amp#27;[0m Proxying [POST /element] to [POST http://127.0.0.1:8200/session/0fb48d37-5297-4bb6-aa15-f780f9e0d89a/element] with body: {"strategy":"xpath","selector":"//android.widget.TextView[@text='Australia']","context":"","multiple":false}
&amp#27;[38;5;212m[c4148d3a]&amp#27;[0m&amp#27;[38;5;9m[AndroidUiautomator2Driver@8dd2]&amp#27;[0m Got response with status 200: {"sessionId":"0fb48d37-5297-4bb6-aa15-f780f9e0d89a","value":{"ELEMENT":"00000000-0000-0134-ffff-ffff0000002c","element-6066-11e4-a52e-4f735466cecf":"00000000-0000-0134-ffff-ffff0000002c"}}
&amp#27;[38;5;212m[c4148d3a]&amp#27;[0m&amp#27;[38;5;9m[AndroidUiautomator2Driver@8dd2]&amp#27;[0m Responding to client with driver.findElement() result: {"element-6066-11e4-a52e-4f735466cecf":"00000000-0000-0134-ffff-ffff0000002c","ELEMENT":"00000000-0000-0134-ffff-ffff0000002c"}
&amp#27;[38;5;212m[c4148d3a]&amp#27;[0m&amp#27;[38;5;86m[HTTP]&amp#27;[0m &amp#27;[37m<-- POST /session/c4148d3a-cb7c-4a90-ac66-ac6537bcf08d/element &amp#27;[39m&amp#27;[32m200&amp#27;[39m &amp#27;[90m576 ms - 137&amp#27;[39m &amp#27;[90m&amp#27;[39m
&amp#27;[38;5;212m[c4148d3a]&amp#27;[0m&amp#27;[38;5;86m[HTTP]&amp#27;[0m &amp#27;[37m-->&amp#27;[39m &amp#27;[37mPOST&amp#27;[39m &amp#27;[37m/session/c4148d3a-cb7c-4a90-ac66-ac6537bcf08d/element/00000000-0000-0134-ffff-ffff0000002c/click&amp#27;[39m &amp#27;[90m{"id":"00000000-0000-0134-ffff-ffff0000002c"}&amp#27;[39m
&amp#27;[38;5;212m[c4148d3a]&amp#27;[0m&amp#27;[38;5;9m[AndroidUiautomator2Driver@8dd2]&amp#27;[0m Calling AppiumDriver.click() with args: ["00000000-0000-0134-ffff-ffff0000002c","c4148d3a-cb7c-4a90-ac66-ac6537bcf08d"]
&amp#27;[38;5;212m[c4148d3a]&amp#27;[0m&amp#27;[38;5;9m[AndroidUiautomator2Driver@8dd2]&amp#27;[0m Matched '/element/00000000-0000-0134-ffff-ffff0000002c/click' to command name 'click'
&amp#27;[38;5;212m[c4148d3a]&amp#27;[0m&amp#27;[38;5;9m[AndroidUiautomator2Driver@8dd2]&amp#27;[0m Proxying [POST /element/00000000-0000-0134-ffff-ffff0000002c/click] to [POST http://127.0.0.1:8200/session/0fb48d37-5297-4bb6-aa15-f780f9e0d89a/element/00000000-0000-0134-ffff-ffff0000002c/click] with body: {"element":"00000000-0000-0134-ffff-ffff0000002c"}
&amp#27;[38;5;212m[c4148d3a]&amp#27;[0m&amp#27;[38;5;9m[AndroidUiautomator2Driver@8dd2]&amp#27;[0m Got response with status 200: {"sessionId":"0fb48d37-5297-4bb6-aa15-f780f9e0d89a","value":null}
&amp#27;[38;5;212m[c4148d3a]&amp#27;[0m&amp#27;[38;5;9m[AndroidUiautomator2Driver@8dd2]&amp#27;[0m Responding to client with driver.click() result: null
&amp#27;[38;5;212m[c4148d3a]&amp#27;[0m&amp#27;[38;5;86m[HTTP]&amp#27;[0m &amp#27;[37m<-- POST /session/c4148d3a-cb7c-4a90-ac66-ac6537bcf08d/element/00000000-0000-0134-ffff-ffff0000002c/click &amp#27;[39m&amp#27;[32m200&amp#27;[39m &amp#27;[90m710 ms - 14&amp#27;[39m &amp#27;[90m&amp#27;[39m
&amp#27;[38;5;212m[c4148d3a]&amp#27;[0m&amp#27;[38;5;86m[HTTP]&amp#27;[0m &amp#27;[37m-->&amp#27;[39m &amp#27;[37mGET&amp#27;[39m &amp#27;[37m/session/c4148d3a-cb7c-4a90-ac66-ac6537bcf08d/context&amp#27;[39m &amp#27;[90m{}&amp#27;[39m
&amp#27;[38;5;212m[c4148d3a]&amp#27;[0m&amp#27;[38;5;9m[AndroidUiautomator2Driver@8dd2]&amp#27;[0m Calling AppiumDriver.getCurrentContext() with args: ["c4148d3a-cb7c-4a90-ac66-ac6537bcf08d"]
&amp#27;[38;5;212m[c4148d3a]&amp#27;[0m&amp#27;[38;5;9m[AndroidUiautomator2Driver@8dd2]&amp#27;[0m Responding to client with driver.getCurrentContext() result: "NATIVE_APP"
&amp#27;[38;5;212m[c4148d3a]&amp#27;[0m&amp#27;[38;5;86m[HTTP]&amp#27;[0m &amp#27;[37m<-- GET /session/c4148d3a-cb7c-4a90-ac66-ac6537bcf08d/context &amp#27;[39m&amp#27;[32m200&amp#27;[39m &amp#27;[90m2 ms - 22&amp#27;[39m &amp#27;[90m&amp#27;[39m
&amp#27;[38;5;212m[c4148d3a]&amp#27;[0m&amp#27;[38;5;86m[HTTP]&amp#27;[0m &amp#27;[37m-->&amp#27;[39m &amp#27;[37mPOST&amp#27;[39m &amp#27;[37m/session/c4148d3a-cb7c-4a90-ac66-ac6537bcf08d/element&amp#27;[39m &amp#27;[90m{"value":"com.androidsample.generalstore:id/nameField","using":"id"}&amp#27;[39m
&amp#27;[38;5;212m[c4148d3a]&amp#27;[0m&amp#27;[38;5;9m[AndroidUiautomator2Driver@8dd2]&amp#27;[0m Calling AppiumDriver.findElement() with args: ["id","com.androidsample.generalstore:id/nameField","c4148d3a-cb7c-4a90-ac66-ac6537bcf08d"]
&amp#27;[38;5;212m[c4148d3a]&amp#27;[0m&amp#27;[38;5;9m[AndroidUiautomator2Driver@8dd2]&amp#27;[0m Valid locator strategies for this request: xpath, id, class name, accessibility id, css selector, -android uiautomator
&amp#27;[38;5;212m[c4148d3a]&amp#27;[0m&amp#27;[38;5;9m[AndroidUiautomator2Driver@8dd2]&amp#27;[0m Waiting up to 15000 ms for condition
&amp#27;[38;5;212m[c4148d3a]&amp#27;[0m&amp#27;[38;5;9m[AndroidUiautomator2Driver@8dd2]&amp#27;[0m Matched '/element' to command name 'findElement'
&amp#27;[38;5;212m[c4148d3a]&amp#27;[0m&amp#27;[38;5;9m[AndroidUiautomator2Driver@8dd2]&amp#27;[0m Proxying [POST /element] to [POST http://127.0.0.1:8200/session/0fb48d37-5297-4bb6-aa15-f780f9e0d89a/element] with body: {"strategy":"id","selector":"com.androidsample.generalstore:id/nameField","context":"","multiple":false}
&amp#27;[38;5;212m[c4148d3a]&amp#27;[0m&amp#27;[38;5;9m[AndroidUiautomator2Driver@8dd2]&amp#27;[0m Got response with status 200: {"sessionId":"0fb48d37-5297-4bb6-aa15-f780f9e0d89a","value":{"ELEMENT":"00000000-0000-0133-ffff-ffff0000001c","element-6066-11e4-a52e-4f735466cecf":"00000000-0000-0133-ffff-ffff0000001c"}}
&amp#27;[38;5;212m[c4148d3a]&amp#27;[0m&amp#27;[38;5;9m[AndroidUiautomator2Driver@8dd2]&amp#27;[0m Responding to client with driver.findElement() result: {"element-6066-11e4-a52e-4f735466cecf":"00000000-0000-0133-ffff-ffff0000001c","ELEMENT":"00000000-0000-0133-ffff-ffff0000001c"}
&amp#27;[38;5;212m[c4148d3a]&amp#27;[0m&amp#27;[38;5;86m[HTTP]&amp#27;[0m &amp#27;[37m<-- POST /session/c4148d3a-cb7c-4a90-ac66-ac6537bcf08d/element &amp#27;[39m&amp#27;[32m200&amp#27;[39m &amp#27;[90m21 ms - 137&amp#27;[39m &amp#27;[90m&amp#27;[39m
&amp#27;[38;5;212m[c4148d3a]&amp#27;[0m&amp#27;[38;5;86m[HTTP]&amp#27;[0m &amp#27;[37m-->&amp#27;[39m &amp#27;[37mPOST&amp#27;[39m &amp#27;[37m/session/c4148d3a-cb7c-4a90-ac66-ac6537bcf08d/element/00000000-0000-0133-ffff-ffff0000001c/value&amp#27;[39m &amp#27;[90m{"text":"pranav","value":["p","r","a","n","a","v"],"id":"00000000-0000-0133-ffff-ffff0000001c"}&amp#27;[39m
&amp#27;[38;5;212m[c4148d3a]&amp#27;[0m&amp#27;[38;5;9m[AndroidUiautomator2Driver@8dd2]&amp#27;[0m Calling AppiumDriver.setValue() with args: [["p","r","a","n","a","v"],"00000000-0000-0133-ffff-ffff0000001c","c4148d3a-cb7c-4a90-ac66-ac6537bcf08d"]
&amp#27;[38;5;212m[c4148d3a]&amp#27;[0m&amp#27;[38;5;9m[AndroidUiautomator2Driver@8dd2]&amp#27;[0m Matched '/element/00000000-0000-0133-ffff-ffff0000001c/value' to command name 'setValue'
&amp#27;[38;5;212m[c4148d3a]&amp#27;[0m&amp#27;[38;5;9m[AndroidUiautomator2Driver@8dd2]&amp#27;[0m Added 'value' property ["p","r","a","n","a","v"] to 'setValue' request body
&amp#27;[38;5;212m[c4148d3a]&amp#27;[0m&amp#27;[38;5;9m[AndroidUiautomator2Driver@8dd2]&amp#27;[0m Proxying [POST /element/00000000-0000-0133-ffff-ffff0000001c/value] to [POST http://127.0.0.1:8200/session/0fb48d37-5297-4bb6-aa15-f780f9e0d89a/element/00000000-0000-0133-ffff-ffff0000001c/value] with body: {"elementId":"00000000-0000-0133-ffff-ffff0000001c","text":"pranav","replace":false,"value":["p","r","a","n","a","v"]}
&amp#27;[38;5;212m[c4148d3a]&amp#27;[0m&amp#27;[38;5;9m[AndroidUiautomator2Driver@8dd2]&amp#27;[0m Got response with status 200: {"sessionId":"0fb48d37-5297-4bb6-aa15-f780f9e0d89a","value":null}
&amp#27;[38;5;212m[c4148d3a]&amp#27;[0m&amp#27;[38;5;9m[AndroidUiautomator2Driver@8dd2]&amp#27;[0m Responding to client with driver.setValue() result: null
&amp#27;[38;5;212m[c4148d3a]&amp#27;[0m&amp#27;[38;5;86m[HTTP]&amp#27;[0m &amp#27;[37m<-- POST /session/c4148d3a-cb7c-4a90-ac66-ac6537bcf08d/element/00000000-0000-0133-ffff-ffff0000001c/value &amp#27;[39m&amp#27;[32m200&amp#27;[39m &amp#27;[90m561 ms - 14&amp#27;[39m &amp#27;[90m&amp#27;[39m
&amp#27;[38;5;212m[c4148d3a]&amp#27;[0m&amp#27;[38;5;86m[HTTP]&amp#27;[0m &amp#27;[37m-->&amp#27;[39m &amp#27;[37mPOST&amp#27;[39m &amp#27;[37m/session/c4148d3a-cb7c-4a90-ac66-ac6537bcf08d/execute/sync&amp#27;[39m &amp#27;[90m{"script":"mobile: hideKeyboard","args":[]}&amp#27;[39m
&amp#27;[38;5;212m[c4148d3a]&amp#27;[0m&amp#27;[38;5;9m[AndroidUiautomator2Driver@8dd2]&amp#27;[0m Calling AppiumDriver.execute() with args: ["mobile: hideKeyboard",[],"c4148d3a-cb7c-4a90-ac66-ac6537bcf08d"]
&amp#27;[38;5;212m[c4148d3a]&amp#27;[0m&amp#27;[38;5;9m[AndroidUiautomator2Driver@8dd2]&amp#27;[0m Executing native command 'mobile: hideKeyboard'
&amp#27;[38;5;212m[c4148d3a]&amp#27;[0m&amp#27;[38;5;229m[ADB]&amp#27;[0m Running 'C:\Users\HOME\AppData\Local\Android\Sdk\platform-tools\adb.exe -P 5037 -s emulator-5554 shell dumpsys input_method'
&amp#27;[38;5;212m[c4148d3a]&amp#27;[0m&amp#27;[38;5;229m[ADB]&amp#27;[0m Keyboard has no UI; no closing necessary
&amp#27;[38;5;212m[c4148d3a]&amp#27;[0m&amp#27;[38;5;9m[AndroidUiautomator2Driver@8dd2]&amp#27;[0m Responding to client with driver.execute() result: false
&amp#27;[38;5;212m[c4148d3a]&amp#27;[0m&amp#27;[38;5;86m[HTTP]&amp#27;[0m &amp#27;[37m<-- POST /session/c4148d3a-cb7c-4a90-ac66-ac6537bcf08d/execute/sync &amp#27;[39m&amp#27;[32m200&amp#27;[39m &amp#27;[90m601 ms - 15&amp#27;[39m &amp#27;[90m&amp#27;[39m
&amp#27;[38;5;212m[c4148d3a]&amp#27;[0m&amp#27;[38;5;86m[HTTP]&amp#27;[0m &amp#27;[37m-->&amp#27;[39m &amp#27;[37mGET&amp#27;[39m &amp#27;[37m/session/c4148d3a-cb7c-4a90-ac66-ac6537bcf08d/context&amp#27;[39m &amp#27;[90m{}&amp#27;[39m
&amp#27;[38;5;212m[c4148d3a]&amp#27;[0m&amp#27;[38;5;9m[AndroidUiautomator2Driver@8dd2]&amp#27;[0m Calling AppiumDriver.getCurrentContext() with args: ["c4148d3a-cb7c-4a90-ac66-ac6537bcf08d"]
&amp#27;[38;5;212m[c4148d3a]&amp#27;[0m&amp#27;[38;5;9m[AndroidUiautomator2Driver@8dd2]&amp#27;[0m Responding to client with driver.getCurrentContext() result: "NATIVE_APP"
&amp#27;[38;5;212m[c4148d3a]&amp#27;[0m&amp#27;[38;5;86m[HTTP]&amp#27;[0m &amp#27;[37m<-- GET /session/c4148d3a-cb7c-4a90-ac66-ac6537bcf08d/context &amp#27;[39m&amp#27;[32m200&amp#27;[39m &amp#27;[90m2 ms - 22&amp#27;[39m &amp#27;[90m&amp#27;[39m
&amp#27;[38;5;212m[c4148d3a]&amp#27;[0m&amp#27;[38;5;86m[HTTP]&amp#27;[0m &amp#27;[37m-->&amp#27;[39m &amp#27;[37mPOST&amp#27;[39m &amp#27;[37m/session/c4148d3a-cb7c-4a90-ac66-ac6537bcf08d/element&amp#27;[39m &amp#27;[90m{"value":"com.androidsample.generalstore:id/radioFemale","using":"id"}&amp#27;[39m
&amp#27;[38;5;212m[c4148d3a]&amp#27;[0m&amp#27;[38;5;9m[AndroidUiautomator2Driver@8dd2]&amp#27;[0m Calling AppiumDriver.findElement() with args: ["id","com.androidsample.generalstore:id/radioFemale","c4148d3a-cb7c-4a90-ac66-ac6537bcf08d"]
&amp#27;[38;5;212m[c4148d3a]&amp#27;[0m&amp#27;[38;5;9m[AndroidUiautomator2Driver@8dd2]&amp#27;[0m Valid locator strategies for this request: xpath, id, class name, accessibility id, css selector, -android uiautomator
&amp#27;[38;5;212m[c4148d3a]&amp#27;[0m&amp#27;[38;5;9m[AndroidUiautomator2Driver@8dd2]&amp#27;[0m Waiting up to 15000 ms for condition
&amp#27;[38;5;212m[c4148d3a]&amp#27;[0m&amp#27;[38;5;9m[AndroidUiautomator2Driver@8dd2]&amp#27;[0m Matched '/element' to command name 'findElement'
&amp#27;[38;5;212m[c4148d3a]&amp#27;[0m&amp#27;[38;5;9m[AndroidUiautomator2Driver@8dd2]&amp#27;[0m Proxying [POST /element] to [POST http://127.0.0.1:8200/session/0fb48d37-5297-4bb6-aa15-f780f9e0d89a/element] with body: {"strategy":"id","selector":"com.androidsample.generalstore:id/radioFemale","context":"","multiple":false}
&amp#27;[38;5;212m[c4148d3a]&amp#27;[0m&amp#27;[38;5;9m[AndroidUiautomator2Driver@8dd2]&amp#27;[0m Got response with status 200: {"sessionId":"0fb48d37-5297-4bb6-aa15-f780f9e0d89a","value":{"ELEMENT":"00000000-0000-0133-ffff-ffff00000020","element-6066-11e4-a52e-4f735466cecf":"00000000-0000-0133-ffff-ffff00000020"}}
&amp#27;[38;5;212m[c4148d3a]&amp#27;[0m&amp#27;[38;5;9m[AndroidUiautomator2Driver@8dd2]&amp#27;[0m Responding to client with driver.findElement() result: {"element-6066-11e4-a52e-4f735466cecf":"00000000-0000-0133-ffff-ffff00000020","ELEMENT":"00000000-0000-0133-ffff-ffff00000020"}
&amp#27;[38;5;212m[c4148d3a]&amp#27;[0m&amp#27;[38;5;86m[HTTP]&amp#27;[0m &amp#27;[37m<-- POST /session/c4148d3a-cb7c-4a90-ac66-ac6537bcf08d/element &amp#27;[39m&amp#27;[32m200&amp#27;[39m &amp#27;[90m28 ms - 137&amp#27;[39m &amp#27;[90m&amp#27;[39m
&amp#27;[38;5;212m[c4148d3a]&amp#27;[0m&amp#27;[38;5;86m[HTTP]&amp#27;[0m &amp#27;[37m-->&amp#27;[39m &amp#27;[37mPOST&amp#27;[39m &amp#27;[37m/session/c4148d3a-cb7c-4a90-ac66-ac6537bcf08d/element/00000000-0000-0133-ffff-ffff00000020/click&amp#27;[39m &amp#27;[90m{"id":"00000000-0000-0133-ffff-ffff00000020"}&amp#27;[39m
&amp#27;[38;5;212m[c4148d3a]&amp#27;[0m&amp#27;[38;5;9m[AndroidUiautomator2Driver@8dd2]&amp#27;[0m Calling AppiumDriver.click() with args: ["00000000-0000-0133-ffff-ffff00000020","c4148d3a-cb7c-4a90-ac66-ac6537bcf08d"]
&amp#27;[38;5;212m[c4148d3a]&amp#27;[0m&amp#27;[38;5;9m[AndroidUiautomator2Driver@8dd2]&amp#27;[0m Matched '/element/00000000-0000-0133-ffff-ffff00000020/click' to command name 'click'
&amp#27;[38;5;212m[c4148d3a]&amp#27;[0m&amp#27;[38;5;9m[AndroidUiautomator2Driver@8dd2]&amp#27;[0m Proxying [POST /element/00000000-0000-0133-ffff-ffff00000020/click] to [POST http://127.0.0.1:8200/session/0fb48d37-5297-4bb6-aa15-f780f9e0d89a/element/00000000-0000-0133-ffff-ffff00000020/click] with body: {"element":"00000000-0000-0133-ffff-ffff00000020"}
&amp#27;[38;5;212m[c4148d3a]&amp#27;[0m&amp#27;[38;5;9m[AndroidUiautomator2Driver@8dd2]&amp#27;[0m Got response with status 200: {"sessionId":"0fb48d37-5297-4bb6-aa15-f780f9e0d89a","value":null}
&amp#27;[38;5;212m[c4148d3a]&amp#27;[0m&amp#27;[38;5;9m[AndroidUiautomator2Driver@8dd2]&amp#27;[0m Responding to client with driver.click() result: null
&amp#27;[38;5;212m[c4148d3a]&amp#27;[0m&amp#27;[38;5;86m[HTTP]&amp#27;[0m &amp#27;[37m<-- POST /session/c4148d3a-cb7c-4a90-ac66-ac6537bcf08d/element/00000000-0000-0133-ffff-ffff00000020/click &amp#27;[39m&amp#27;[32m200&amp#27;[39m &amp#27;[90m104 ms - 14&amp#27;[39m &amp#27;[90m&amp#27;[39m
&amp#27;[38;5;212m[c4148d3a]&amp#27;[0m&amp#27;[38;5;86m[HTTP]&amp#27;[0m &amp#27;[37m-->&amp#27;[39m &amp#27;[37mGET&amp#27;[39m &amp#27;[37m/session/c4148d3a-cb7c-4a90-ac66-ac6537bcf08d/context&amp#27;[39m &amp#27;[90m{}&amp#27;[39m
&amp#27;[38;5;212m[c4148d3a]&amp#27;[0m&amp#27;[38;5;9m[AndroidUiautomator2Driver@8dd2]&amp#27;[0m Calling AppiumDriver.getCurrentContext() with args: ["c4148d3a-cb7c-4a90-ac66-ac6537bcf08d"]
&amp#27;[38;5;212m[c4148d3a]&amp#27;[0m&amp#27;[38;5;9m[AndroidUiautomator2Driver@8dd2]&amp#27;[0m Responding to client with driver.getCurrentContext() result: "NATIVE_APP"
&amp#27;[38;5;212m[c4148d3a]&amp#27;[0m&amp#27;[38;5;86m[HTTP]&amp#27;[0m &amp#27;[37m<-- GET /session/c4148d3a-cb7c-4a90-ac66-ac6537bcf08d/context &amp#27;[39m&amp#27;[32m200&amp#27;[39m &amp#27;[90m2 ms - 22&amp#27;[39m &amp#27;[90m&amp#27;[39m
&amp#27;[38;5;212m[c4148d3a]&amp#27;[0m&amp#27;[38;5;86m[HTTP]&amp#27;[0m &amp#27;[37m-->&amp#27;[39m &amp#27;[37mPOST&amp#27;[39m &amp#27;[37m/session/c4148d3a-cb7c-4a90-ac66-ac6537bcf08d/element&amp#27;[39m &amp#27;[90m{"value":"com.androidsample.generalstore:id/btnLetsShop","using":"id"}&amp#27;[39m
&amp#27;[38;5;212m[c4148d3a]&amp#27;[0m&amp#27;[38;5;9m[AndroidUiautomator2Driver@8dd2]&amp#27;[0m Calling AppiumDriver.findElement() with args: ["id","com.androidsample.generalstore:id/btnLetsShop","c4148d3a-cb7c-4a90-ac66-ac6537bcf08d"]
&amp#27;[38;5;212m[c4148d3a]&amp#27;[0m&amp#27;[38;5;9m[AndroidUiautomator2Driver@8dd2]&amp#27;[0m Valid locator strategies for this request: xpath, id, class name, accessibility id, css selector, -android uiautomator
&amp#27;[38;5;212m[c4148d3a]&amp#27;[0m&amp#27;[38;5;9m[AndroidUiautomator2Driver@8dd2]&amp#27;[0m Waiting up to 15000 ms for condition
&amp#27;[38;5;212m[c4148d3a]&amp#27;[0m&amp#27;[38;5;9m[AndroidUiautomator2Driver@8dd2]&amp#27;[0m Matched '/element' to command name 'findElement'
&amp#27;[38;5;212m[c4148d3a]&amp#27;[0m&amp#27;[38;5;9m[AndroidUiautomator2Driver@8dd2]&amp#27;[0m Proxying [POST /element] to [POST http://127.0.0.1:8200/session/0fb48d37-5297-4bb6-aa15-f780f9e0d89a/element] with body: {"strategy":"id","selector":"com.androidsample.generalstore:id/btnLetsShop","context":"","multiple":false}
&amp#27;[38;5;212m[c4148d3a]&amp#27;[0m&amp#27;[38;5;9m[AndroidUiautomator2Driver@8dd2]&amp#27;[0m Got response with status 200: {"sessionId":"0fb48d37-5297-4bb6-aa15-f780f9e0d89a","value":{"ELEMENT":"00000000-0000-0133-ffff-ffff00000021","element-6066-11e4-a52e-4f735466cecf":"00000000-0000-0133-ffff-ffff00000021"}}
&amp#27;[38;5;212m[c4148d3a]&amp#27;[0m&amp#27;[38;5;9m[AndroidUiautomator2Driver@8dd2]&amp#27;[0m Responding to client with driver.findElement() result: {"element-6066-11e4-a52e-4f735466cecf":"00000000-0000-0133-ffff-ffff00000021","ELEMENT":"00000000-0000-0133-ffff-ffff00000021"}
&amp#27;[38;5;212m[c4148d3a]&amp#27;[0m&amp#27;[38;5;86m[HTTP]&amp#27;[0m &amp#27;[37m<-- POST /session/c4148d3a-cb7c-4a90-ac66-ac6537bcf08d/element &amp#27;[39m&amp#27;[32m200&amp#27;[39m &amp#27;[90m587 ms - 137&amp#27;[39m &amp#27;[90m&amp#27;[39m
&amp#27;[38;5;212m[c4148d3a]&amp#27;[0m&amp#27;[38;5;86m[HTTP]&amp#27;[0m &amp#27;[37m-->&amp#27;[39m &amp#27;[37mPOST&amp#27;[39m &amp#27;[37m/session/c4148d3a-cb7c-4a90-ac66-ac6537bcf08d/element/00000000-0000-0133-ffff-ffff00000021/click&amp#27;[39m &amp#27;[90m{"id":"00000000-0000-0133-ffff-ffff00000021"}&amp#27;[39m
&amp#27;[38;5;212m[c4148d3a]&amp#27;[0m&amp#27;[38;5;9m[AndroidUiautomator2Driver@8dd2]&amp#27;[0m Calling AppiumDriver.click() with args: ["00000000-0000-0133-ffff-ffff00000021","c4148d3a-cb7c-4a90-ac66-ac6537bcf08d"]
&amp#27;[38;5;212m[c4148d3a]&amp#27;[0m&amp#27;[38;5;9m[AndroidUiautomator2Driver@8dd2]&amp#27;[0m Matched '/element/00000000-0000-0133-ffff-ffff00000021/click' to command name 'click'
&amp#27;[38;5;212m[c4148d3a]&amp#27;[0m&amp#27;[38;5;9m[AndroidUiautomator2Driver@8dd2]&amp#27;[0m Proxying [POST /element/00000000-0000-0133-ffff-ffff00000021/click] to [POST http://127.0.0.1:8200/session/0fb48d37-5297-4bb6-aa15-f780f9e0d89a/element/00000000-0000-0133-ffff-ffff00000021/click] with body: {"element":"00000000-0000-0133-ffff-ffff00000021"}
&amp#27;[38;5;212m[c4148d3a]&amp#27;[0m&amp#27;[38;5;9m[AndroidUiautomator2Driver@8dd2]&amp#27;[0m Got response with status 200: {"sessionId":"0fb48d37-5297-4bb6-aa15-f780f9e0d89a","value":null}
&amp#27;[38;5;212m[c4148d3a]&amp#27;[0m&amp#27;[38;5;9m[AndroidUiautomator2Driver@8dd2]&amp#27;[0m Responding to client with driver.click() result: null
&amp#27;[38;5;212m[c4148d3a]&amp#27;[0m&amp#27;[38;5;86m[HTTP]&amp#27;[0m &amp#27;[37m<-- POST /session/c4148d3a-cb7c-4a90-ac66-ac6537bcf08d/element/00000000-0000-0133-ffff-ffff00000021/click &amp#27;[39m&amp#27;[32m200&amp#27;[39m &amp#27;[90m79 ms - 14&amp#27;[39m &amp#27;[90m&amp#27;[39m
&amp#27;[38;5;212m[c4148d3a]&amp#27;[0m&amp#27;[38;5;86m[HTTP]&amp#27;[0m &amp#27;[37m-->&amp#27;[39m &amp#27;[37mGET&amp#27;[39m &amp#27;[37m/session/c4148d3a-cb7c-4a90-ac66-ac6537bcf08d/context&amp#27;[39m &amp#27;[90m{}&amp#27;[39m
&amp#27;[38;5;212m[c4148d3a]&amp#27;[0m&amp#27;[38;5;9m[AndroidUiautomator2Driver@8dd2]&amp#27;[0m Calling AppiumDriver.getCurrentContext() with args: ["c4148d3a-cb7c-4a90-ac66-ac6537bcf08d"]
&amp#27;[38;5;212m[c4148d3a]&amp#27;[0m&amp#27;[38;5;9m[AndroidUiautomator2Driver@8dd2]&amp#27;[0m Responding to client with driver.getCurrentContext() result: "NATIVE_APP"
&amp#27;[38;5;212m[c4148d3a]&amp#27;[0m&amp#27;[38;5;86m[HTTP]&amp#27;[0m &amp#27;[37m<-- GET /session/c4148d3a-cb7c-4a90-ac66-ac6537bcf08d/context &amp#27;[39m&amp#27;[32m200&amp#27;[39m &amp#27;[90m2 ms - 22&amp#27;[39m &amp#27;[90m&amp#27;[39m
&amp#27;[38;5;212m[c4148d3a]&amp#27;[0m&amp#27;[38;5;86m[HTTP]&amp#27;[0m &amp#27;[37m-->&amp#27;[39m &amp#27;[37mPOST&amp#27;[39m &amp#27;[37m/session/c4148d3a-cb7c-4a90-ac66-ac6537bcf08d/element&amp#27;[39m &amp#27;[90m{"value":"(//android.widget.TextView[@resource-id=\"com.androidsample.generalstore:id/productAddCart\"])[1]","using":"xpath"}&amp#27;[39m
&amp#27;[38;5;212m[c4148d3a]&amp#27;[0m&amp#27;[38;5;9m[AndroidUiautomator2Driver@8dd2]&amp#27;[0m Calling AppiumDriver.findElement() with args: ["xpath","(//android.widget.TextView[@resource-id=\"com.androidsample.generalstore:id/productAddCart\"])[1]","c4148d3a-cb7c-4a90-ac66-ac6537bcf08d"]
&amp#27;[38;5;212m[c4148d3a]&amp#27;[0m&amp#27;[38;5;9m[AndroidUiautomator2Driver@8dd2]&amp#27;[0m Valid locator strategies for this request: xpath, id, class name, accessibility id, css selector, -android uiautomator
&amp#27;[38;5;212m[c4148d3a]&amp#27;[0m&amp#27;[38;5;9m[AndroidUiautomator2Driver@8dd2]&amp#27;[0m Waiting up to 15000 ms for condition
&amp#27;[38;5;212m[c4148d3a]&amp#27;[0m&amp#27;[38;5;9m[AndroidUiautomator2Driver@8dd2]&amp#27;[0m Matched '/element' to command name 'findElement'
&amp#27;[38;5;212m[c4148d3a]&amp#27;[0m&amp#27;[38;5;9m[AndroidUiautomator2Driver@8dd2]&amp#27;[0m Proxying [POST /element] to [POST http://127.0.0.1:8200/session/0fb48d37-5297-4bb6-aa15-f780f9e0d89a/element] with body: {"strategy":"xpath","selector":"(//android.widget.TextView[@resource-id=\"com.androidsample.generalstore:id/productAddCart\"])[1]","context":"","multiple":false}
&amp#27;[38;5;212m[c4148d3a]&amp#27;[0m&amp#27;[38;5;9m[AndroidUiautomator2Driver@8dd2]&amp#27;[0m Got response with status 404: {"sessionId":"0fb48d37-5297-4bb6-aa15-f780f9e0d89a","value":{"error":"no such element","message":"An element could not be located on the page using the given search parameters","stacktrace":"io.appium.uiautomator2.common.exceptions.ElementNotFoundException: An element could not be located on the page using the given search parameters\n\tat io.appium.uiautomator2.utils.ElementLocationHelpers.findElement(ElementLocationHelpers.java:156)\n\tat io.appium.uiautomator2.handler.FindElement.safeHandle(FindElement.java:60)\n\tat io.appium.uiautomator2.handler.request.SafeRequestHandler.handle(SafeRequestHandler.java:59)\n\tat io.appium.uiautomator2.server.AppiumServlet.handleRequest(AppiumServlet.java:259)\n\tat io.appium.uiautomator2.server.AppiumServlet.handleHttpRequest(AppiumServlet.java:253)\n\tat io.appium.uiautomator2.http.ServerHandler.channelRead(ServerHandler.java:77)\n\tat io.netty.channel.AbstractChannelHandlerContext.invokeChannelRead(AbstractChannelHandlerContext.java:366)\n\tat io.netty.channel.Abstr...
&amp#27;[38;5;212m[c4148d3a]&amp#27;[0m&amp#27;[38;5;123m[W3C]&amp#27;[0m Matched W3C error code 'no such element' to NoSuchElementError
&amp#27;[38;5;212m[c4148d3a]&amp#27;[0m&amp#27;[38;5;9m[AndroidUiautomator2Driver@8dd2]&amp#27;[0m Waited for 421 ms so far
&amp#27;[38;5;212m[c4148d3a]&amp#27;[0m&amp#27;[38;5;9m[AndroidUiautomator2Driver@8dd2]&amp#27;[0m Matched '/element' to command name 'findElement'
&amp#27;[38;5;212m[c4148d3a]&amp#27;[0m&amp#27;[38;5;9m[AndroidUiautomator2Driver@8dd2]&amp#27;[0m Proxying [POST /element] to [POST http://127.0.0.1:8200/session/0fb48d37-5297-4bb6-aa15-f780f9e0d89a/element] with body: {"strategy":"xpath","selector":"(//android.widget.TextView[@resource-id=\"com.androidsample.generalstore:id/productAddCart\"])[1]","context":"","multiple":false}
&amp#27;[38;5;212m[c4148d3a]&amp#27;[0m&amp#27;[38;5;9m[AndroidUiautomator2Driver@8dd2]&amp#27;[0m Got response with status 200: {"sessionId":"0fb48d37-5297-4bb6-aa15-f780f9e0d89a","value":{"ELEMENT":"00000000-0000-0135-ffff-ffff00000050","element-6066-11e4-a52e-4f735466cecf":"00000000-0000-0135-ffff-ffff00000050"}}
&amp#27;[38;5;212m[c4148d3a]&amp#27;[0m&amp#27;[38;5;9m[AndroidUiautomator2Driver@8dd2]&amp#27;[0m Responding to client with driver.findElement() result: {"element-6066-11e4-a52e-4f735466cecf":"00000000-0000-0135-ffff-ffff00000050","ELEMENT":"00000000-0000-0135-ffff-ffff00000050"}
&amp#27;[38;5;212m[c4148d3a]&amp#27;[0m&amp#27;[38;5;86m[HTTP]&amp#27;[0m &amp#27;[37m<-- POST /session/c4148d3a-cb7c-4a90-ac66-ac6537bcf08d/element &amp#27;[39m&amp#27;[32m200&amp#27;[39m &amp#27;[90m1565 ms - 137&amp#27;[39m &amp#27;[90m&amp#27;[39m
&amp#27;[38;5;212m[c4148d3a]&amp#27;[0m&amp#27;[38;5;86m[HTTP]&amp#27;[0m &amp#27;[37m-->&amp#27;[39m &amp#27;[37mPOST&amp#27;[39m &amp#27;[37m/session/c4148d3a-cb7c-4a90-ac66-ac6537bcf08d/element/00000000-0000-0135-ffff-ffff00000050/click&amp#27;[39m &amp#27;[90m{"id":"00000000-0000-0135-ffff-ffff00000050"}&amp#27;[39m
&amp#27;[38;5;212m[c4148d3a]&amp#27;[0m&amp#27;[38;5;9m[AndroidUiautomator2Driver@8dd2]&amp#27;[0m Calling AppiumDriver.click() with args: ["00000000-0000-0135-ffff-ffff00000050","c4148d3a-cb7c-4a90-ac66-ac6537bcf08d"]
&amp#27;[38;5;212m[c4148d3a]&amp#27;[0m&amp#27;[38;5;9m[AndroidUiautomator2Driver@8dd2]&amp#27;[0m Matched '/element/00000000-0000-0135-ffff-ffff00000050/click' to command name 'click'
&amp#27;[38;5;212m[c4148d3a]&amp#27;[0m&amp#27;[38;5;9m[AndroidUiautomator2Driver@8dd2]&amp#27;[0m Proxying [POST /element/00000000-0000-0135-ffff-ffff00000050/click] to [POST http://127.0.0.1:8200/session/0fb48d37-5297-4bb6-aa15-f780f9e0d89a/element/00000000-0000-0135-ffff-ffff00000050/click] with body: {"element":"00000000-0000-0135-ffff-ffff00000050"}
&amp#27;[38;5;212m[c4148d3a]&amp#27;[0m&amp#27;[38;5;9m[AndroidUiautomator2Driver@8dd2]&amp#27;[0m Got response with status 200: {"sessionId":"0fb48d37-5297-4bb6-aa15-f780f9e0d89a","value":null}
&amp#27;[38;5;212m[c4148d3a]&amp#27;[0m&amp#27;[38;5;9m[AndroidUiautomator2Driver@8dd2]&amp#27;[0m Responding to client with driver.click() result: null
&amp#27;[38;5;212m[c4148d3a]&amp#27;[0m&amp#27;[38;5;86m[HTTP]&amp#27;[0m &amp#27;[37m<-- POST /session/c4148d3a-cb7c-4a90-ac66-ac6537bcf08d/element/00000000-0000-0135-ffff-ffff00000050/click &amp#27;[39m&amp#27;[32m200&amp#27;[39m &amp#27;[90m544 ms - 14&amp#27;[39m &amp#27;[90m&amp#27;[39m
&amp#27;[38;5;212m[c4148d3a]&amp#27;[0m&amp#27;[38;5;86m[HTTP]&amp#27;[0m &amp#27;[37m-->&amp#27;[39m &amp#27;[37mPOST&amp#27;[39m &amp#27;[37m/session/c4148d3a-cb7c-4a90-ac66-ac6537bcf08d/element&amp#27;[39m &amp#27;[90m{"value":"new UiScrollable(new UiSelector()).scrollIntoView(text(\"Converse All Star\"));","using":"-android uiautomator"}&amp#27;[39m
&amp#27;[38;5;212m[c4148d3a]&amp#27;[0m&amp#27;[38;5;9m[AndroidUiautomator2Driver@8dd2]&amp#27;[0m Calling AppiumDriver.findElement() with args: ["-android uiautomator","new UiScrollable(new UiSelector()).scrollIntoView(text(\"Converse All Star\"));","c4148d3a-cb7c-4a90-ac66-ac6537bcf08d"]
&amp#27;[38;5;212m[c4148d3a]&amp#27;[0m&amp#27;[38;5;9m[AndroidUiautomator2Driver@8dd2]&amp#27;[0m Valid locator strategies for this request: xpath, id, class name, accessibility id, css selector, -android uiautomator
&amp#27;[38;5;212m[c4148d3a]&amp#27;[0m&amp#27;[38;5;9m[AndroidUiautomator2Driver@8dd2]&amp#27;[0m Waiting up to 15000 ms for condition
&amp#27;[38;5;212m[c4148d3a]&amp#27;[0m&amp#27;[38;5;9m[AndroidUiautomator2Driver@8dd2]&amp#27;[0m Matched '/element' to command name 'findElement'
&amp#27;[38;5;212m[c4148d3a]&amp#27;[0m&amp#27;[38;5;9m[AndroidUiautomator2Driver@8dd2]&amp#27;[0m Proxying [POST /element] to [POST http://127.0.0.1:8200/session/0fb48d37-5297-4bb6-aa15-f780f9e0d89a/element] with body: {"strategy":"-android uiautomator","selector":"new UiScrollable(new UiSelector()).scrollIntoView(text(\"Converse All Star\"));","context":"","multiple":false}
&amp#27;[38;5;212m[c4148d3a]&amp#27;[0m&amp#27;[38;5;9m[AndroidUiautomator2Driver@8dd2]&amp#27;[0m Got response with status 200: {"sessionId":"0fb48d37-5297-4bb6-aa15-f780f9e0d89a","value":{"ELEMENT":"00000000-0000-0135-ffff-ffff00000065","element-6066-11e4-a52e-4f735466cecf":"00000000-0000-0135-ffff-ffff00000065"}}
&amp#27;[38;5;212m[c4148d3a]&amp#27;[0m&amp#27;[38;5;9m[AndroidUiautomator2Driver@8dd2]&amp#27;[0m Responding to client with driver.findElement() result: {"element-6066-11e4-a52e-4f735466cecf":"00000000-0000-0135-ffff-ffff00000065","ELEMENT":"00000000-0000-0135-ffff-ffff00000065"}
&amp#27;[38;5;212m[c4148d3a]&amp#27;[0m&amp#27;[38;5;86m[HTTP]&amp#27;[0m &amp#27;[37m<-- POST /session/c4148d3a-cb7c-4a90-ac66-ac6537bcf08d/element &amp#27;[39m&amp#27;[32m200&amp#27;[39m &amp#27;[90m3079 ms - 137&amp#27;[39m &amp#27;[90m&amp#27;[39m
&amp#27;[38;5;212m[c4148d3a]&amp#27;[0m&amp#27;[38;5;86m[HTTP]&amp#27;[0m &amp#27;[37m-->&amp#27;[39m &amp#27;[37mGET&amp#27;[39m &amp#27;[37m/session/c4148d3a-cb7c-4a90-ac66-ac6537bcf08d/context&amp#27;[39m &amp#27;[90m{}&amp#27;[39m
&amp#27;[38;5;212m[c4148d3a]&amp#27;[0m&amp#27;[38;5;9m[AndroidUiautomator2Driver@8dd2]&amp#27;[0m Calling AppiumDriver.getCurrentContext() with args: ["c4148d3a-cb7c-4a90-ac66-ac6537bcf08d"]
&amp#27;[38;5;212m[c4148d3a]&amp#27;[0m&amp#27;[38;5;9m[AndroidUiautomator2Driver@8dd2]&amp#27;[0m Responding to client with driver.getCurrentContext() result: "NATIVE_APP"
&amp#27;[38;5;212m[c4148d3a]&amp#27;[0m&amp#27;[38;5;86m[HTTP]&amp#27;[0m &amp#27;[37m<-- GET /session/c4148d3a-cb7c-4a90-ac66-ac6537bcf08d/context &amp#27;[39m&amp#27;[32m200&amp#27;[39m &amp#27;[90m1 ms - 22&amp#27;[39m &amp#27;[90m&amp#27;[39m
[...]
&amp#27;[38;5;192m[21edc1c7]&amp#27;[0m&amp#27;[38;5;-25m[AndroidUiautomator2Driver@2336]&amp#27;[0m Available contexts: ["NATIVE_APP","WEBVIEW_com.androidsample.generalstore"]
&amp#27;[38;5;192m[21edc1c7]&amp#27;[0m&amp#27;[38;5;-25m[AndroidUiautomator2Driver@2336]&amp#27;[0m Connecting to chrome-backed webview context 'WEBVIEW_com.androidsample.generalstore'
&amp#27;[38;5;192m[21edc1c7]&amp#27;[0m&amp#27;[38;5;-25m[AndroidUiautomator2Driver@2336]&amp#27;[0m Found existing Chromedriver for context 'WEBVIEW_com.androidsample.generalstore'. Using it.
&amp#27;[38;5;192m[21edc1c7]&amp#27;[0m&amp#27;[38;5;214m[Chromedriver@7690]&amp#27;[0m Matched '/url' to command name 'getUrl'
&amp#27;[38;5;192m[21edc1c7]&amp#27;[0m&amp#27;[38;5;214m[Chromedriver@7690]&amp#27;[0m Proxying [GET /url] to [GET http://127.0.0.1:63967/session/62aba5a5882211b821023bf4f7362f10/url] with no body
&amp#27;[38;5;192m[21edc1c7]&amp#27;[0m&amp#27;[38;5;214m[Chromedriver@7690]&amp#27;[0m Got response with status 404: {"value":{"error":"no such window","message":"no such window: target window already closed\nfrom unknown error: web view not found\n  (Session info: chrome=124.0.6367.219)","stacktrace":"\tGetHandleVerifier [0x00007FF7D4D91522+60802]\n\t(No symbol) [0x00007FF7D4D0AC22]\n\t(No symbol) [0x00007FF7D4BC7CE4]\n\t(No symbol) [0x00007FF7D4B9DFDF]\n\t(No symbol) [0x00007FF7D4C41E57]\n\t(No symbol) [0x00007FF7D4C598D1]\n\t(No symbol) [0x00007FF7D4C3A923]\n\t(No symbol) [0x00007FF7D4C08FEC]\n\t(No symbol) [0x00007FF7D4C09C21]\n\tGetHandleVerifier [0x00007FF7D50941BD+3217949]\n\tGetHandleVerifier [0x00007FF7D50D6157+3488183]\n\tGetHandleVerifier [0x00007FF7D50CF0DF+3459391]\n\tGetHandleVerifier [0x00007FF7D4E4B8E6+823622]\n\t(No symbol) [0x00007FF7D4D15FBF]\n\t(No symbol) [0x00007FF7D4D10EE4]\n\t(No symbol) [0x00007FF7D4D11072]\n\t(No symbol) [0x00007FF7D4D018C4]\n\tBaseThreadInitThunk [0x00007FFA9DDB257D+29]\n\tRtlUserThreadStart [0x00007FFA9E94AF28+40]\n"}}
&amp#27;[38;5;192m[21edc1c7]&amp#27;[0m&amp#27;[38;5;123m[W3C]&amp#27;[0m Matched W3C error code 'no such window' to NoSuchWindowError
&amp#27;[38;5;192m[21edc1c7]&amp#27;[0m&amp#27;[38;5;-25m[AndroidUiautomator2Driver@2336]&amp#27;[0m ChromeDriver is not associated with a window. Re-initializing the session.
&amp#27;[38;5;192m[21edc1c7]&amp#27;[0m&amp#27;[38;5;214m[Chromedriver@7690]&amp#27;[0m Restarting chromedriver
&amp#27;[38;5;192m[21edc1c7]&amp#27;[0m&amp#27;[38;5;214m[Chromedriver@7690]&amp#27;[0m Changed state to 'restarting'
&amp#27;[38;5;192m[21edc1c7]&amp#27;[0m&amp#27;[38;5;214m[Chromedriver@7690]&amp#27;[0m Matched '' to command name 'deleteSession'
&amp#27;[38;5;192m[21edc1c7]&amp#27;[0m&amp#27;[38;5;214m[Chromedriver@7690]&amp#27;[0m Proxying [DELETE /] to [DELETE http://127.0.0.1:63967/session/62aba5a5882211b821023bf4f7362f10] with no body
&amp#27;[38;5;192m[21edc1c7]&amp#27;[0m&amp#27;[38;5;214m[Chromedriver@7690]&amp#27;[0m Got response with status 200: {"value":null}
&amp#27;[38;5;192m[21edc1c7]&amp#27;[0m&amp#27;[38;5;214m[Chromedriver@7690]&amp#27;[0m Killing any old chromedrivers, running: wmic process where "commandline like '%chromedriver.exe%--port=63967%'" delete
&amp#27;[38;5;192m[21edc1c7]&amp#27;[0m&amp#27;[38;5;214m[Chromedriver@7690]&amp#27;[0m Successfully cleaned up old chromedrivers
&amp#27;[38;5;192m[21edc1c7]&amp#27;[0m&amp#27;[38;5;214m[Chromedriver@7690]&amp#27;[0m Cleaning this device's adb forwarded port socket connections: emulator-5554
&amp#27;[38;5;192m[21edc1c7]&amp#27;[0m&amp#27;[38;5;229m[ADB]&amp#27;[0m List forwarding ports
&amp#27;[38;5;192m[21edc1c7]&amp#27;[0m&amp#27;[38;5;229m[ADB]&amp#27;[0m Running 'C:\Users\HOME\AppData\Local\Android\Sdk\platform-tools\adb.exe -P 5037 -s emulator-5554 forward --list'
&amp#27;[38;5;192m[21edc1c7]&amp#27;[0m&amp#27;[38;5;214m[Chromedriver@7690]&amp#27;[0m Spawning chromedriver with: C:\Users\HOME\.appium\node_modules\appium-uiautomator2-driver\node_modules\appium-chromedriver\chromedriver\win\chromedriver-win64_v124.0.6367.207.exe --port=63967 --adb-port=5037 --verbose
&amp#27;[38;5;192m[21edc1c7]&amp#27;[0m&amp#27;[38;5;214m[Chromedriver@7690]&amp#27;[0m Set ChromeDriver communication protocol to W3C
&amp#27;[38;5;192m[21edc1c7]&amp#27;[0m&amp#27;[38;5;214m[Chromedriver@7690]&amp#27;[0m Matched '/status' to command name 'getStatus'
&amp#27;[38;5;192m[21edc1c7]&amp#27;[0m&amp#27;[38;5;214m[Chromedriver@7690]&amp#27;[0m Proxying [GET /status] to [GET http://127.0.0.1:63967/status] with no body
&amp#27;[38;5;192m[21edc1c7]&amp#27;[0m&amp#27;[38;5;214m[Chromedriver@7690]&amp#27;[0m connect ECONNREFUSED 127.0.0.1:63967
&amp#27;[38;5;192m[21edc1c7]&amp#27;[0m&amp#27;[38;5;214m[Chromedriver@7690]&amp#27;[0m Matched '/status' to command name 'getStatus'
&amp#27;[38;5;192m[21edc1c7]&amp#27;[0m&amp#27;[38;5;214m[Chromedriver@7690]&amp#27;[0m Proxying [GET /status] to [GET http://127.0.0.1:63967/status] with no body
&amp#27;[38;5;192m[21edc1c7]&amp#27;[0m&amp#27;[38;5;214m[Chromedriver@7690]&amp#27;[0m Got response with status 200: {"value":{"build":{"version":"124.0.6367.207 (a9001a6e39fbaa559510ca866052950457dd4e6b-refs/branch-heads/6367_201@{#3})"},"message":"ChromeDriver ready for new sessions.","os":{"arch":"x86_64","name":"Windows NT","version":"10.0.22631"},"ready":true}}
&amp#27;[38;5;192m[21edc1c7]&amp#27;[0m&amp#27;[38;5;214m[Chromedriver@7690]&amp#27;[0m Starting W3C Chromedriver session with capabilities: {
  "capabilities": {
    "alwaysMatch": {
      "goog:chromeOptions": {
        "androidPackage": "com.androidsample.generalstore",
        "androidUseRunningApp": true,
        "androidProcess": "com.androidsample.generalstore",
        "androidDeviceSerial": "emulator-5554"
      },
      "goog:loggingPrefs": {
        "browser": "ALL"
      }
    }
  }
}
&amp#27;[38;5;192m[21edc1c7]&amp#27;[0m&amp#27;[38;5;214m[Chromedriver@7690]&amp#27;[0m Matched '/session' to command name 'createSession'
&amp#27;[38;5;192m[21edc1c7]&amp#27;[0m&amp#27;[38;5;214m[Chromedriver@7690]&amp#27;[0m Proxying [POST /session] to [POST http://127.0.0.1:63967/session] with body: {"capabilities":{"alwaysMatch":{"goog:chromeOptions":{"androidPackage":"com.androidsample.generalstore","androidUseRunningApp":true,"androidProcess":"com.androidsample.generalstore","androidDeviceSerial":"emulator-5554"},"goog:loggingPrefs":{"browser":"ALL"}}}}
&amp#27;[38;5;192m[21edc1c7]&amp#27;[0m&amp#27;[38;5;214m[Chromedriver@7690]&amp#27;[0m Webview version: 'Chrome/124.0.6367.219'
&amp#27;[38;5;192m[21edc1c7]&amp#27;[0m&amp#27;[38;5;214m[Chromedriver@7690]&amp#27;[0m Got response with status 200: {"value":{"capabilities":{"acceptInsecureCerts":false,"browserName":"chrome","browserVersion":"124.0.6367.219","chrome":{"chromedriverVersion":"124.0.6367.207 (a9001a6e39fbaa559510ca866052950457dd4e6b-refs/branch-heads/6367_201@{#3})"},"fedcm:accounts":true,"goog:chromeOptions":{"debuggerAddress":"localhost:64056"},"pageLoadStrategy":"normal","platformName":"android","proxy":{},"setWindowRect":false,"strictFileInteractability":false,"timeouts":{"implicit":0,"pageLoad":300000,"script":30000},"unhandledPromptBehavior":"dismiss and notify","webauthn:extension:credBlob":false,"webauthn:extension:largeBlob":false,"webauthn:extension:minPinLength":false,"webauthn:extension:prf":false,"webauthn:virtualAuthenticators":false},"sessionId":"e67f93834e41d4ea76cdf2f4b3e5e409"}}
&amp#27;[38;5;192m[21edc1c7]&amp#27;[0m&amp#27;[38;5;214m[Chromedriver@7690]&amp#27;[0m Determined the downstream protocol as 'W3C'
&amp#27;[38;5;192m[21edc1c7]&amp#27;[0m&amp#27;[38;5;214m[Chromedriver@7690]&amp#27;[0m Changed state to 'online'
&amp#27;[38;5;192m[21edc1c7]&amp#27;[0m&amp#27;[38;5;-25m[AndroidUiautomator2Driver@2336]&amp#27;[0m Responding to client with driver.setContext() result: null
&amp#27;[38;5;192m[21edc1c7]&amp#27;[0m&amp#27;[38;5;86m[HTTP]&amp#27;[0m &amp#27;[37m<-- POST /session/21edc1c7-065d-4901-b63b-5a354eddaf7a/context &amp#27;[39m&amp#27;[32m200&amp#27;[39m &amp#27;[90m1514 ms - 14&amp#27;[39m &amp#27;[90m&amp#27;[39m
&amp#27;[38;5;192m[21edc1c7]&amp#27;[0m&amp#27;[38;5;86m[HTTP]&amp#27;[0m &amp#27;[37m-->&amp#27;[39m &amp#27;[37mPOST&amp#27;[39m &amp#27;[37m/session/21edc1c7-065d-4901-b63b-5a354eddaf7a/element&amp#27;[39m &amp#27;[90m{"value":"*[name='q']","using":"css selector"}&amp#27;[39m
&amp#27;[38;5;192m[21edc1c7]&amp#27;[0m&amp#27;[38;5;-25m[AndroidUiautomator2Driver@2336]&amp#27;[0m Driver proxy active, passing request on via HTTP proxy
&amp#27;[38;5;192m[21edc1c7]&amp#27;[0m&amp#27;[38;5;214m[Chromedriver@7690]&amp#27;[0m Matched '/session/21edc1c7-065d-4901-b63b-5a354eddaf7a/element' to command name 'findElement'
&amp#27;[38;5;192m[21edc1c7]&amp#27;[0m&amp#27;[38;5;214m[Chromedriver@7690]&amp#27;[0m Proxying [POST /session/21edc1c7-065d-4901-b63b-5a354eddaf7a/element] to [POST http://127.0.0.1:63967/session/e67f93834e41d4ea76cdf2f4b3e5e409/element] with body: {"value":"*[name='q']","using":"css selector"}
&amp#27;[38;5;192m[21edc1c7]&amp#27;[0m&amp#27;[38;5;214m[Chromedriver@7690]&amp#27;[0m Got response with status 200: {"value":{"element-6066-11e4-a52e-4f735466cecf":"f.B012F3496AD589103B8CFF6AA769D6D1.d.6F0B4096463B53DD4661AD04E185F919.e.6"}}
&amp#27;[38;5;192m[21edc1c7]&amp#27;[0m&amp#27;[38;5;86m[HTTP]&amp#27;[0m &amp#27;[37m<-- POST /session/21edc1c7-065d-4901-b63b-5a354eddaf7a/element &amp#27;[39m&amp#27;[32m200&amp#27;[39m &amp#27;[90m167 ms - 211&amp#27;[39m &amp#27;[90m&amp#27;[39m
&amp#27;[38;5;192m[21edc1c7]&amp#27;[0m&amp#27;[38;5;86m[HTTP]&amp#27;[0m &amp#27;[37m-->&amp#27;[39m &amp#27;[37mPOST&amp#27;[39m &amp#27;[37m/session/21edc1c7-065d-4901-b63b-5a354eddaf7a/element/f.B012F3496AD589103B8CFF6AA769D6D1.d.6F0B4096463B53DD4661AD04E185F919.e.6/value&amp#27;[39m &amp#27;[90m{"text":"voola pranavraj","value":["v","o","o","l","a"," ","p","r","a","n","a","v","r","a","j"],"id":"f.B012F3496AD589103B8CFF6AA769D6D1.d.6F0B4096463B53DD4661AD04E185F919.e.6"}&amp#27;[39m
&amp#27;[38;5;192m[21edc1c7]&amp#27;[0m&amp#27;[38;5;-25m[AndroidUiautomator2Driver@2336]&amp#27;[0m Driver proxy active, passing request on via HTTP proxy
&amp#27;[38;5;192m[21edc1c7]&amp#27;[0m&amp#27;[38;5;214m[Chromedriver@7690]&amp#27;[0m Matched '/session/21edc1c7-065d-4901-b63b-5a354eddaf7a/element/f.B012F3496AD589103B8CFF6AA769D6D1.d.6F0B4096463B53DD4661AD04E185F919.e.6/value' to command name 'setValue'
&amp#27;[38;5;192m[21edc1c7]&amp#27;[0m&amp#27;[38;5;214m[Chromedriver@7690]&amp#27;[0m Proxying [POST /session/21edc1c7-065d-4901-b63b-5a354eddaf7a/element/f.B012F3496AD589103B8CFF6AA769D6D1.d.6F0B4096463B53DD4661AD04E185F919.e.6/value] to [POST http://127.0.0.1:63967/session/e67f93834e41d4ea76cdf2f4b3e5e409/element/f.B012F3496AD589103B8CFF6AA769D6D1.d.6F0B4096463B53DD4661AD04E185F919.e.6/value] with body: {"text":"voola pranavraj","value":["v","o","o","l","a"," ","p","r","a","n","a","v","r","a","j"],"id":"f.B012F3496AD589103B8CFF6AA769D6D1.d.6F0B4096463B53DD4661AD04E185F919.e.6"}
&amp#27;[38;5;192m[21edc1c7]&amp#27;[0m&amp#27;[38;5;214m[Chromedriver@7690]&amp#27;[0m Got response with status 200: {"value":null}
&amp#27;[38;5;192m[21edc1c7]&amp#27;[0m&amp#27;[38;5;86m[HTTP]&amp#27;[0m &amp#27;[37m<-- POST /session/21edc1c7-065d-4901-b63b-5a354eddaf7a/element/f.B012F3496AD589103B8CFF6AA769D6D1.d.6F0B4096463B53DD4661AD04E185F919.e.6/value &amp#27;[39m&amp#27;[32m200&amp#27;[39m &amp#27;[90m563 ms - 14&amp#27;[39m &amp#27;[90m&amp#27;[39m
&amp#27;[38;5;192m[21edc1c7]&amp#27;[0m&amp#27;[38;5;86m[HTTP]&amp#27;[0m &amp#27;[37m-->&amp#27;[39m &amp#27;[37mPOST&amp#27;[39m &amp#27;[37m/session/21edc1c7-065d-4901-b63b-5a354eddaf7a/element&amp#27;[39m &amp#27;[90m{"value":"*[name='q']","using":"css selector"}&amp#27;[39m
&amp#27;[38;5;192m[21edc1c7]&amp#27;[0m&amp#27;[38;5;-25m[AndroidUiautomator2Driver@2336]&amp#27;[0m Driver proxy active, passing request on via HTTP proxy
&amp#27;[38;5;192m[21edc1c7]&amp#27;[0m&amp#27;[38;5;214m[Chromedriver@7690]&amp#27;[0m Matched '/session/21edc1c7-065d-4901-b63b-5a354eddaf7a/element' to command name 'findElement'
&amp#27;[38;5;192m[21edc1c7]&amp#27;[0m&amp#27;[38;5;214m[Chromedriver@7690]&amp#27;[0m Proxying [POST /session/21edc1c7-065d-4901-b63b-5a354eddaf7a/element] to [POST http://127.0.0.1:63967/session/e67f93834e41d4ea76cdf2f4b3e5e409/element] with body: {"value":"*[name='q']","using":"css selector"}
&amp#27;[38;5;192m[21edc1c7]&amp#27;[0m&amp#27;[38;5;214m[Chromedriver@7690]&amp#27;[0m Got response with status 200: {"value":{"element-6066-11e4-a52e-4f735466cecf":"f.B012F3496AD589103B8CFF6AA769D6D1.d.6F0B4096463B53DD4661AD04E185F919.e.6"}}
&amp#27;[38;5;192m[21edc1c7]&amp#27;[0m&amp#27;[38;5;86m[HTTP]&amp#27;[0m &amp#27;[37m<-- POST /session/21edc1c7-065d-4901-b63b-5a354eddaf7a/element &amp#27;[39m&amp#27;[32m200&amp#27;[39m &amp#27;[90m166 ms - 211&amp#27;[39m &amp#27;[90m&amp#27;[39m
&amp#27;[38;5;192m[21edc1c7]&amp#27;[0m&amp#27;[38;5;86m[HTTP]&amp#27;[0m &amp#27;[37m-->&amp#27;[39m &amp#27;[37mPOST&amp#27;[39m &amp#27;[37m/session/21edc1c7-065d-4901-b63b-5a354eddaf7a/element/f.B012F3496AD589103B8CFF6AA769D6D1.d.6F0B4096463B53DD4661AD04E185F919.e.6/value&amp#27;[39m &amp#27;[90m{"text":"","value":[""],"id":"f.B012F3496AD589103B8CFF6AA769D6D1.d.6F0B4096463B53DD4661AD04E185F919.e.6"}&amp#27;[39m
&amp#27;[38;5;192m[21edc1c7]&amp#27;[0m&amp#27;[38;5;-25m[AndroidUiautomator2Driver@2336]&amp#27;[0m Driver proxy active, passing request on via HTTP proxy
&amp#27;[38;5;192m[21edc1c7]&amp#27;[0m&amp#27;[38;5;214m[Chromedriver@7690]&amp#27;[0m Matched '/session/21edc1c7-065d-4901-b63b-5a354eddaf7a/element/f.B012F3496AD589103B8CFF6AA769D6D1.d.6F0B4096463B53DD4661AD04E185F919.e.6/value' to command name 'setValue'
&amp#27;[38;5;192m[21edc1c7]&amp#27;[0m&amp#27;[38;5;214m[Chromedriver@7690]&amp#27;[0m Proxying [POST /session/21edc1c7-065d-4901-b63b-5a354eddaf7a/element/f.B012F3496AD589103B8CFF6AA769D6D1.d.6F0B4096463B53DD4661AD04E185F919.e.6/value] to [POST http://127.0.0.1:63967/session/e67f93834e41d4ea76cdf2f4b3e5e409/element/f.B012F3496AD589103B8CFF6AA769D6D1.d.6F0B4096463B53DD4661AD04E185F919.e.6/value] with body: {"text":"","value":[""],"id":"f.B012F3496AD589103B8CFF6AA769D6D1.d.6F0B4096463B53DD4661AD04E185F919.e.6"}
&amp#27;[38;5;192m[21edc1c7]&amp#27;[0m&amp#27;[38;5;214m[Chromedriver@7690]&amp#27;[0m Got response with status 200: {"value":null}
&amp#27;[38;5;192m[21edc1c7]&amp#27;[0m&amp#27;[38;5;86m[HTTP]&amp#27;[0m &amp#27;[37m<-- POST /session/21edc1c7-065d-4901-b63b-5a354eddaf7a/element/f.B012F3496AD589103B8CFF6AA769D6D1.d.6F0B4096463B53DD4661AD04E185F919.e.6/value &amp#27;[39m&amp#27;[32m200&amp#27;[39m &amp#27;[90m272 ms - 14&amp#27;[39m &amp#27;[90m&amp#27;[39m
&amp#27;[38;5;192m[21edc1c7]&amp#27;[0m&amp#27;[38;5;86m[HTTP]&amp#27;[0m &amp#27;[37m-->&amp#27;[39m &amp#27;[37mPOST&amp#27;[39m &amp#27;[37m/session/21edc1c7-065d-4901-b63b-5a354eddaf7a/execute/sync&amp#27;[39m &amp#27;[90m{"script":"mobile: pressKey","args":[{"keycode":4,"isLongPress":true}]}&amp#27;[39m
&amp#27;[38;5;192m[21edc1c7]&amp#27;[0m&amp#27;[38;5;-25m[AndroidUiautomator2Driver@2336]&amp#27;[0m Calling AppiumDriver.execute() with args: ["mobile: pressKey",[{"keycode":4,"isLongPress":true}],"21edc1c7-065d-4901-b63b-5a354eddaf7a"]
&amp#27;[38;5;192m[21edc1c7]&amp#27;[0m&amp#27;[38;5;-25m[AndroidUiautomator2Driver@2336]&amp#27;[0m Executing native command 'mobile: pressKey'
&amp#27;[38;5;192m[21edc1c7]&amp#27;[0m&amp#27;[38;5;-25m[AndroidUiautomator2Driver@2336]&amp#27;[0m Matched '/appium/device/long_press_keycode' to command name 'longPressKeyCode'
&amp#27;[38;5;192m[21edc1c7]&amp#27;[0m&amp#27;[38;5;-25m[AndroidUiautomator2Driver@2336]&amp#27;[0m Proxying [POST /appium/device/long_press_keycode] to [POST http://127.0.0.1:8200/session/ec29d363-93a1-405a-b18e-ed0f88bdf279/appium/device/long_press_keycode] with body: {"keycode":4}
&amp#27;[38;5;192m[21edc1c7]&amp#27;[0m&amp#27;[38;5;-25m[AndroidUiautomator2Driver@2336]&amp#27;[0m Got response with status 200: {"sessionId":"ec29d363-93a1-405a-b18e-ed0f88bdf279","value":null}
&amp#27;[38;5;192m[21edc1c7]&amp#27;[0m&amp#27;[38;5;-25m[AndroidUiautomator2Driver@2336]&amp#27;[0m Responding to client with driver.execute() result: null
&amp#27;[38;5;192m[21edc1c7]&amp#27;[0m&amp#27;[38;5;86m[HTTP]&amp#27;[0m &amp#27;[37m<-- POST /session/21edc1c7-065d-4901-b63b-5a354eddaf7a/execute/sync &amp#27;[39m&amp#27;[32m200&amp#27;[39m &amp#27;[90m1212 ms - 14&amp#27;[39m &amp#27;[90m&amp#27;[39m
&amp#27;[38;5;192m[21edc1c7]&amp#27;[0m&amp#27;[38;5;86m[HTTP]&amp#27;[0m &amp#27;[37m-->&amp#27;[39m &amp#27;[37mPOST&amp#27;[39m &amp#27;[37m/session/21edc1c7-065d-4901-b63b-5a354eddaf7a/context&amp#27;[39m &amp#27;[90m{"name":"NATIVE_APP"}&amp#27;[39m
&amp#27;[38;5;192m[21edc1c7]&amp#27;[0m&amp#27;[38;5;-25m[AndroidUiautomator2Driver@2336]&amp#27;[0m Calling AppiumDriver.setContext() with args: ["NATIVE_APP","21edc1c7-065d-4901-b63b-5a354eddaf7a"]
&amp#27;[38;5;192m[21edc1c7]&amp#27;[0m&amp#27;[38;5;-25m[AndroidUiautomator2Driver@2336]&amp#27;[0m Getting a list of available webviews
&amp#27;[38;5;192m[21edc1c7]&amp#27;[0m&amp#27;[38;5;229m[ADB]&amp#27;[0m Running 'C:\Users\HOME\AppData\Local\Android\Sdk\platform-tools\adb.exe -P 5037 -s emulator-5554 shell cat /proc/net/unix'
&amp#27;[38;5;192m[21edc1c7]&amp#27;[0m&amp#27;[38;5;-25m[AndroidUiautomator2Driver@2336]&amp#27;[0m Parsed 1 active devtools socket: ["@webview_devtools_remote_12697"]
&amp#27;[38;5;192m[21edc1c7]&amp#27;[0m&amp#27;[38;5;-25m[AndroidUiautomator2Driver@2336]&amp#27;[0m Collecting CDP data of 1 webview
&amp#27;[38;5;192m[21edc1c7]&amp#27;[0m&amp#27;[38;5;-25m[AndroidUiautomator2Driver@2336]&amp#27;[0m Forwarding remote port webview_devtools_remote_12697 to a local port in range 10900..11000
&amp#27;[38;5;192m[21edc1c7]&amp#27;[0m&amp#27;[38;5;-25m[AndroidUiautomator2Driver@2336]&amp#27;[0m You could use the 'webviewDevtoolsPort' capability to customize the starting port number
&amp#27;[38;5;192m[21edc1c7]&amp#27;[0m&amp#27;[38;5;229m[ADB]&amp#27;[0m Running 'C:\Users\HOME\AppData\Local\Android\Sdk\platform-tools\adb.exe -P 5037 -s emulator-5554 forward tcp:10900 localabstract:webview_devtools_remote_12697'
&amp#27;[38;5;192m[21edc1c7]&amp#27;[0m&amp#27;[38;5;229m[ADB]&amp#27;[0m Removing forwarded port socket connection: 10900 
&amp#27;[38;5;192m[21edc1c7]&amp#27;[0m&amp#27;[38;5;229m[ADB]&amp#27;[0m Running 'C:\Users\HOME\AppData\Local\Android\Sdk\platform-tools\adb.exe -P 5037 -s emulator-5554 forward --remove tcp:10900'
&amp#27;[38;5;192m[21edc1c7]&amp#27;[0m&amp#27;[38;5;-25m[AndroidUiautomator2Driver@2336]&amp#27;[0m CDP data collection completed
&amp#27;[38;5;192m[21edc1c7]&amp#27;[0m&amp#27;[38;5;-25m[AndroidUiautomator2Driver@2336]&amp#27;[0m WEBVIEW_12697 mapped to pid 12697
&amp#27;[38;5;192m[21edc1c7]&amp#27;[0m&amp#27;[38;5;-25m[AndroidUiautomator2Driver@2336]&amp#27;[0m Getting process name for webview 'WEBVIEW_12697'
&amp#27;[38;5;192m[21edc1c7]&amp#27;[0m&amp#27;[38;5;229m[ADB]&amp#27;[0m Running 'C:\Users\HOME\AppData\Local\Android\Sdk\platform-tools\adb.exe -P 5037 -s emulator-5554 shell ps -A'
&amp#27;[38;5;192m[21edc1c7]&amp#27;[0m&amp#27;[38;5;-25m[AndroidUiautomator2Driver@2336]&amp#27;[0m Got process name: 'com.androidsample.generalstore'
&amp#27;[38;5;192m[21edc1c7]&amp#27;[0m&amp#27;[38;5;-25m[AndroidUiautomator2Driver@2336]&amp#27;[0m Found 1 webview: ["WEBVIEW_com.androidsample.generalstore"]
&amp#27;[38;5;192m[21edc1c7]&amp#27;[0m&amp#27;[38;5;-25m[AndroidUiautomator2Driver@2336]&amp#27;[0m Available contexts: ["NATIVE_APP","WEBVIEW_com.androidsample.generalstore"]
&amp#27;[38;5;192m[21edc1c7]&amp#27;[0m&amp#27;[38;5;-25m[AndroidUiautomator2Driver@2336]&amp#27;[0m Responding to client with driver.setContext() result: null
&amp#27;[38;5;192m[21edc1c7]&amp#27;[0m&amp#27;[38;5;86m[HTTP]&amp#27;[0m &amp#27;[37m<-- POST /session/21edc1c7-065d-4901-b63b-5a354eddaf7a/context &amp#27;[39m&amp#27;[32m200&amp#27;[39m &amp#27;[90m316 ms - 14&amp#27;[39m &amp#27;[90m&amp#27;[39m
]]></system-out>
  </testcase>
</testsuite>